#
# There is insufficient memory for the Java Runtime Environment to continue.
# Native memory allocation (malloc) failed to allocate 689152 bytes for Chunk::new
# Possible reasons:
#   The system is out of physical RAM or swap space
#   The process is running with CompressedOops enabled, and the Java Heap may be blocking the growth of the native heap
# Possible solutions:
#   Reduce memory load on the system
#   Increase physical memory or swap space
#   Check if swap backing store is full
#   Decrease Java heap size (-Xmx/-Xms)
#   Decrease number of Java threads
#   Decrease Java thread stack sizes (-Xss)
#   Set larger code cache with -XX:ReservedCodeCacheSize=
#   JVM is running with Unscaled Compressed Oops mode in which the Java heap is
#     placed in the first 4GB address space. The Java Heap base address is the
#     maximum limit for the native heap growth. Please use -XX:HeapBaseMinAddress
#     to set the Java Heap base and to place the Java Heap above 4GB virtual address.
# This output file may be truncated or incomplete.
#
#  Out of Memory Error (./open/src/hotspot/share/memory/arena.cpp:195), pid=7292, tid=9232
#
# JRE version: Java(TM) SE Runtime Environment (14.0.1+7) (build 14.0.1+7)
# Java VM: Java HotSpot(TM) 64-Bit Server VM (14.0.1+7, mixed mode, sharing, tiered, compressed oops, g1 gc, windows-amd64)
# No core dump will be written. Minidumps are not enabled by default on client versions of Windows
#

---------------  S U M M A R Y ------------

Command Line: -Dfile.encoding=Cp1252 Juego.Main

Host: AMD FX-8320E Eight-Core Processor              , 8 cores, 7G,  Windows 10 , 64 bit Build 19041 (10.0.19041.546)
Time: Tue Nov 17 03:47:08 2020 Hora estándar de Argentina elapsed time: 0 seconds (0d 0h 0m 0s)

---------------  T H R E A D  ---------------

Current thread (0x0000022d42d1b800):  JavaThread "C2 CompilerThread0" daemon [_thread_in_native, id=9232, stack(0x0000007989c00000,0x0000007989d00000)]


Current CompileTask:
C2:    572  654       4       sun.util.locale.BaseLocale::getInstance (186 bytes)

Stack: [0x0000007989c00000,0x0000007989d00000]
Native frames: (J=compiled Java code, j=interpreted, Vv=VM code, C=native code)
V  [jvm.dll+0x5f840a]
V  [jvm.dll+0x741e4a]
V  [jvm.dll+0x7435ff]
V  [jvm.dll+0x743c43]
V  [jvm.dll+0x20d288]
V  [jvm.dll+0xabb07]
V  [jvm.dll+0xac1fc]
V  [jvm.dll+0x31c4c5]
V  [jvm.dll+0x2e6b48]
V  [jvm.dll+0x2e5f4a]
V  [jvm.dll+0x1e5e16]
V  [jvm.dll+0x1e50b8]
V  [jvm.dll+0x1779cc]
V  [jvm.dll+0x1f4105]
V  [jvm.dll+0x1f22eb]
V  [jvm.dll+0x706a9d]
V  [jvm.dll+0x6ff8ba]
V  [jvm.dll+0x5f72c6]
C  [ucrtbase.dll+0x214c2]
C  [KERNEL32.DLL+0x17034]
C  [ntdll.dll+0x4cec1]


---------------  P R O C E S S  ---------------

Threads class SMR info:
_java_thread_list=0x0000022d44211ac0, length=19, elements={
0x0000022d21b2e000, 0x0000022d42cef800, 0x0000022d42cf0800, 0x0000022d42d0a800,
0x0000022d42d0f800, 0x0000022d42d12800, 0x0000022d42d1b800, 0x0000022d42d24800,
0x0000022d43680800, 0x0000022d43795800, 0x0000022d437a8000, 0x0000022d439d2800,
0x0000022d439d8800, 0x0000022d439e2800, 0x0000022d44178000, 0x0000022d441bd800,
0x0000022d441d1000, 0x0000022d441db000, 0x0000022d44391800
}

Java Threads: ( => current thread )
  0x0000022d21b2e000 JavaThread "main" [_thread_blocked, id=7308, stack(0x0000007989000000,0x0000007989100000)]
  0x0000022d42cef800 JavaThread "Reference Handler" daemon [_thread_blocked, id=1152, stack(0x0000007989700000,0x0000007989800000)]
  0x0000022d42cf0800 JavaThread "Finalizer" daemon [_thread_blocked, id=14320, stack(0x0000007989800000,0x0000007989900000)]
  0x0000022d42d0a800 JavaThread "Signal Dispatcher" daemon [_thread_blocked, id=12268, stack(0x0000007989900000,0x0000007989a00000)]
  0x0000022d42d0f800 JavaThread "Attach Listener" daemon [_thread_blocked, id=2180, stack(0x0000007989a00000,0x0000007989b00000)]
  0x0000022d42d12800 JavaThread "Service Thread" daemon [_thread_blocked, id=13580, stack(0x0000007989b00000,0x0000007989c00000)]
=>0x0000022d42d1b800 JavaThread "C2 CompilerThread0" daemon [_thread_in_native, id=9232, stack(0x0000007989c00000,0x0000007989d00000)]
  0x0000022d42d24800 JavaThread "C1 CompilerThread0" daemon [_thread_blocked, id=6752, stack(0x0000007989d00000,0x0000007989e00000)]
  0x0000022d43680800 JavaThread "Sweeper thread" daemon [_thread_blocked, id=9664, stack(0x0000007989e00000,0x0000007989f00000)]
  0x0000022d43795800 JavaThread "Notification Thread" daemon [_thread_blocked, id=4284, stack(0x0000007989f00000,0x000000798a000000)]
  0x0000022d437a8000 JavaThread "Common-Cleaner" daemon [_thread_blocked, id=8320, stack(0x000000798a100000,0x000000798a200000)]
  0x0000022d439d2800 JavaThread "Java2D Disposer" daemon [_thread_blocked, id=14164, stack(0x000000798a200000,0x000000798a300000)]
  0x0000022d439d8800 JavaThread "AWT-Shutdown" [_thread_blocked, id=3956, stack(0x000000798a300000,0x000000798a400000)]
  0x0000022d439e2800 JavaThread "AWT-Windows" daemon [_thread_in_native, id=9696, stack(0x000000798a400000,0x000000798a500000)]
  0x0000022d44178000 JavaThread "AWT-EventQueue-0" [_thread_blocked, id=8068, stack(0x000000798ad00000,0x000000798ae00000)]
  0x0000022d441bd800 JavaThread "D3D Screen Updater" daemon [_thread_blocked, id=1384, stack(0x000000798ae00000,0x000000798af00000)]
  0x0000022d441d1000 JavaThread "Image Fetcher 0" daemon [_thread_blocked, id=2524, stack(0x000000798af00000,0x000000798b000000)]
  0x0000022d441db000 JavaThread "Image Fetcher 1" daemon [_thread_in_Java, id=10224, stack(0x000000798b000000,0x000000798b100000)]
  0x0000022d44391800 JavaThread "C2 CompilerThread1" daemon [_thread_in_native, id=6008, stack(0x000000798b100000,0x000000798b200000)]

Other Threads:
  0x0000022d42cec800 VMThread "VM Thread" [stack: 0x0000007989600000,0x0000007989700000] [id=1228]
  0x0000022d437a6800 WatcherThread [stack: 0x000000798a000000,0x000000798a100000] [id=2568]
  0x0000022d23c6a000 GCTaskThread "GC Thread#0" [stack: 0x0000007989100000,0x0000007989200000] [id=9104]
  0x0000022d23c7d000 ConcurrentGCThread "G1 Main Marker" [stack: 0x0000007989200000,0x0000007989300000] [id=6584]
  0x0000022d23c7e000 ConcurrentGCThread "G1 Conc#0" [stack: 0x0000007989300000,0x0000007989400000] [id=6072]
  0x0000022d42b64800 ConcurrentGCThread "G1 Refine#0" [stack: 0x0000007989400000,0x0000007989500000] [id=3288]
  0x0000022d42b65000 ConcurrentGCThread "G1 Young RemSet Sampling" [stack: 0x0000007989500000,0x0000007989600000] [id=5816]

Threads with active compile tasks:
C2 CompilerThread0      607  654       4       sun.util.locale.BaseLocale::getInstance (186 bytes)
C2 CompilerThread1      607  696       4       sun.awt.image.PNGImageDecoder::filterRow (460 bytes)

VM state:not at safepoint (normal execution)

VM Mutex/Monitor currently owned by a thread: None

Heap address: 0x0000000080800000, size: 2040 MB, Compressed Oops mode: 32-bit
Narrow klass base: 0x0000000800000000, Narrow klass shift: 3
Compressed class space size: 1073741824 Address: 0x0000000800b30000

Heap:
 garbage-first heap   total 131072K, used 9216K [0x0000000080800000, 0x0000000100000000)
  region size 1024K, 9 young (9216K), 0 survivors (0K)
 Metaspace       used 6403K, capacity 6681K, committed 6784K, reserved 1056768K
  class space    used 724K, capacity 855K, committed 896K, reserved 1048576K
Heap Regions: E=young(eden), S=young(survivor), O=old, HS=humongous(starts), HC=humongous(continues), CS=collection set, F=free, OA=open archive, CA=closed archive, TAMS=top-at-mark-start (previous, next)
|   0|0x0000000080800000, 0x0000000080900000, 0x0000000080900000|100%|HS|  |TAMS 0x0000000080800000, 0x0000000080800000| Complete 
|   1|0x0000000080900000, 0x0000000080900000, 0x0000000080a00000|  0%| F|  |TAMS 0x0000000080900000, 0x0000000080900000| Untracked 
|   2|0x0000000080a00000, 0x0000000080a00000, 0x0000000080b00000|  0%| F|  |TAMS 0x0000000080a00000, 0x0000000080a00000| Untracked 
|   3|0x0000000080b00000, 0x0000000080b00000, 0x0000000080c00000|  0%| F|  |TAMS 0x0000000080b00000, 0x0000000080b00000| Untracked 
|   4|0x0000000080c00000, 0x0000000080c00000, 0x0000000080d00000|  0%| F|  |TAMS 0x0000000080c00000, 0x0000000080c00000| Untracked 
|   5|0x0000000080d00000, 0x0000000080d00000, 0x0000000080e00000|  0%| F|  |TAMS 0x0000000080d00000, 0x0000000080d00000| Untracked 
|   6|0x0000000080e00000, 0x0000000080e00000, 0x0000000080f00000|  0%| F|  |TAMS 0x0000000080e00000, 0x0000000080e00000| Untracked 
|   7|0x0000000080f00000, 0x0000000080f00000, 0x0000000081000000|  0%| F|  |TAMS 0x0000000080f00000, 0x0000000080f00000| Untracked 
|   8|0x0000000081000000, 0x0000000081000000, 0x0000000081100000|  0%| F|  |TAMS 0x0000000081000000, 0x0000000081000000| Untracked 
|   9|0x0000000081100000, 0x0000000081100000, 0x0000000081200000|  0%| F|  |TAMS 0x0000000081100000, 0x0000000081100000| Untracked 
|  10|0x0000000081200000, 0x0000000081200000, 0x0000000081300000|  0%| F|  |TAMS 0x0000000081200000, 0x0000000081200000| Untracked 
|  11|0x0000000081300000, 0x0000000081300000, 0x0000000081400000|  0%| F|  |TAMS 0x0000000081300000, 0x0000000081300000| Untracked 
|  12|0x0000000081400000, 0x0000000081400000, 0x0000000081500000|  0%| F|  |TAMS 0x0000000081400000, 0x0000000081400000| Untracked 
|  13|0x0000000081500000, 0x0000000081500000, 0x0000000081600000|  0%| F|  |TAMS 0x0000000081500000, 0x0000000081500000| Untracked 
|  14|0x0000000081600000, 0x0000000081600000, 0x0000000081700000|  0%| F|  |TAMS 0x0000000081600000, 0x0000000081600000| Untracked 
|  15|0x0000000081700000, 0x0000000081700000, 0x0000000081800000|  0%| F|  |TAMS 0x0000000081700000, 0x0000000081700000| Untracked 
|  16|0x0000000081800000, 0x0000000081800000, 0x0000000081900000|  0%| F|  |TAMS 0x0000000081800000, 0x0000000081800000| Untracked 
|  17|0x0000000081900000, 0x0000000081900000, 0x0000000081a00000|  0%| F|  |TAMS 0x0000000081900000, 0x0000000081900000| Untracked 
|  18|0x0000000081a00000, 0x0000000081a00000, 0x0000000081b00000|  0%| F|  |TAMS 0x0000000081a00000, 0x0000000081a00000| Untracked 
|  19|0x0000000081b00000, 0x0000000081b00000, 0x0000000081c00000|  0%| F|  |TAMS 0x0000000081b00000, 0x0000000081b00000| Untracked 
|  20|0x0000000081c00000, 0x0000000081c00000, 0x0000000081d00000|  0%| F|  |TAMS 0x0000000081c00000, 0x0000000081c00000| Untracked 
|  21|0x0000000081d00000, 0x0000000081d00000, 0x0000000081e00000|  0%| F|  |TAMS 0x0000000081d00000, 0x0000000081d00000| Untracked 
|  22|0x0000000081e00000, 0x0000000081e00000, 0x0000000081f00000|  0%| F|  |TAMS 0x0000000081e00000, 0x0000000081e00000| Untracked 
|  23|0x0000000081f00000, 0x0000000081f00000, 0x0000000082000000|  0%| F|  |TAMS 0x0000000081f00000, 0x0000000081f00000| Untracked 
|  24|0x0000000082000000, 0x0000000082000000, 0x0000000082100000|  0%| F|  |TAMS 0x0000000082000000, 0x0000000082000000| Untracked 
|  25|0x0000000082100000, 0x0000000082100000, 0x0000000082200000|  0%| F|  |TAMS 0x0000000082100000, 0x0000000082100000| Untracked 
|  26|0x0000000082200000, 0x0000000082200000, 0x0000000082300000|  0%| F|  |TAMS 0x0000000082200000, 0x0000000082200000| Untracked 
|  27|0x0000000082300000, 0x0000000082300000, 0x0000000082400000|  0%| F|  |TAMS 0x0000000082300000, 0x0000000082300000| Untracked 
|  28|0x0000000082400000, 0x0000000082400000, 0x0000000082500000|  0%| F|  |TAMS 0x0000000082400000, 0x0000000082400000| Untracked 
|  29|0x0000000082500000, 0x0000000082500000, 0x0000000082600000|  0%| F|  |TAMS 0x0000000082500000, 0x0000000082500000| Untracked 
|  30|0x0000000082600000, 0x0000000082600000, 0x0000000082700000|  0%| F|  |TAMS 0x0000000082600000, 0x0000000082600000| Untracked 
|  31|0x0000000082700000, 0x0000000082700000, 0x0000000082800000|  0%| F|  |TAMS 0x0000000082700000, 0x0000000082700000| Untracked 
|  32|0x0000000082800000, 0x0000000082800000, 0x0000000082900000|  0%| F|  |TAMS 0x0000000082800000, 0x0000000082800000| Untracked 
|  33|0x0000000082900000, 0x0000000082900000, 0x0000000082a00000|  0%| F|  |TAMS 0x0000000082900000, 0x0000000082900000| Untracked 
|  34|0x0000000082a00000, 0x0000000082a00000, 0x0000000082b00000|  0%| F|  |TAMS 0x0000000082a00000, 0x0000000082a00000| Untracked 
|  35|0x0000000082b00000, 0x0000000082b00000, 0x0000000082c00000|  0%| F|  |TAMS 0x0000000082b00000, 0x0000000082b00000| Untracked 
|  36|0x0000000082c00000, 0x0000000082c00000, 0x0000000082d00000|  0%| F|  |TAMS 0x0000000082c00000, 0x0000000082c00000| Untracked 
|  37|0x0000000082d00000, 0x0000000082d00000, 0x0000000082e00000|  0%| F|  |TAMS 0x0000000082d00000, 0x0000000082d00000| Untracked 
|  38|0x0000000082e00000, 0x0000000082e00000, 0x0000000082f00000|  0%| F|  |TAMS 0x0000000082e00000, 0x0000000082e00000| Untracked 
|  39|0x0000000082f00000, 0x0000000082f00000, 0x0000000083000000|  0%| F|  |TAMS 0x0000000082f00000, 0x0000000082f00000| Untracked 
|  40|0x0000000083000000, 0x0000000083000000, 0x0000000083100000|  0%| F|  |TAMS 0x0000000083000000, 0x0000000083000000| Untracked 
|  41|0x0000000083100000, 0x0000000083100000, 0x0000000083200000|  0%| F|  |TAMS 0x0000000083100000, 0x0000000083100000| Untracked 
|  42|0x0000000083200000, 0x0000000083200000, 0x0000000083300000|  0%| F|  |TAMS 0x0000000083200000, 0x0000000083200000| Untracked 
|  43|0x0000000083300000, 0x0000000083300000, 0x0000000083400000|  0%| F|  |TAMS 0x0000000083300000, 0x0000000083300000| Untracked 
|  44|0x0000000083400000, 0x0000000083400000, 0x0000000083500000|  0%| F|  |TAMS 0x0000000083400000, 0x0000000083400000| Untracked 
|  45|0x0000000083500000, 0x0000000083500000, 0x0000000083600000|  0%| F|  |TAMS 0x0000000083500000, 0x0000000083500000| Untracked 
|  46|0x0000000083600000, 0x0000000083600000, 0x0000000083700000|  0%| F|  |TAMS 0x0000000083600000, 0x0000000083600000| Untracked 
|  47|0x0000000083700000, 0x0000000083700000, 0x0000000083800000|  0%| F|  |TAMS 0x0000000083700000, 0x0000000083700000| Untracked 
|  48|0x0000000083800000, 0x0000000083800000, 0x0000000083900000|  0%| F|  |TAMS 0x0000000083800000, 0x0000000083800000| Untracked 
|  49|0x0000000083900000, 0x0000000083900000, 0x0000000083a00000|  0%| F|  |TAMS 0x0000000083900000, 0x0000000083900000| Untracked 
|  50|0x0000000083a00000, 0x0000000083a00000, 0x0000000083b00000|  0%| F|  |TAMS 0x0000000083a00000, 0x0000000083a00000| Untracked 
|  51|0x0000000083b00000, 0x0000000083b00000, 0x0000000083c00000|  0%| F|  |TAMS 0x0000000083b00000, 0x0000000083b00000| Untracked 
|  52|0x0000000083c00000, 0x0000000083c00000, 0x0000000083d00000|  0%| F|  |TAMS 0x0000000083c00000, 0x0000000083c00000| Untracked 
|  53|0x0000000083d00000, 0x0000000083d00000, 0x0000000083e00000|  0%| F|  |TAMS 0x0000000083d00000, 0x0000000083d00000| Untracked 
|  54|0x0000000083e00000, 0x0000000083e00000, 0x0000000083f00000|  0%| F|  |TAMS 0x0000000083e00000, 0x0000000083e00000| Untracked 
|  55|0x0000000083f00000, 0x0000000083f00000, 0x0000000084000000|  0%| F|  |TAMS 0x0000000083f00000, 0x0000000083f00000| Untracked 
|  56|0x0000000084000000, 0x0000000084000000, 0x0000000084100000|  0%| F|  |TAMS 0x0000000084000000, 0x0000000084000000| Untracked 
|  57|0x0000000084100000, 0x0000000084100000, 0x0000000084200000|  0%| F|  |TAMS 0x0000000084100000, 0x0000000084100000| Untracked 
|  58|0x0000000084200000, 0x0000000084200000, 0x0000000084300000|  0%| F|  |TAMS 0x0000000084200000, 0x0000000084200000| Untracked 
|  59|0x0000000084300000, 0x0000000084300000, 0x0000000084400000|  0%| F|  |TAMS 0x0000000084300000, 0x0000000084300000| Untracked 
|  60|0x0000000084400000, 0x0000000084400000, 0x0000000084500000|  0%| F|  |TAMS 0x0000000084400000, 0x0000000084400000| Untracked 
|  61|0x0000000084500000, 0x0000000084500000, 0x0000000084600000|  0%| F|  |TAMS 0x0000000084500000, 0x0000000084500000| Untracked 
|  62|0x0000000084600000, 0x0000000084600000, 0x0000000084700000|  0%| F|  |TAMS 0x0000000084600000, 0x0000000084600000| Untracked 
|  63|0x0000000084700000, 0x0000000084700000, 0x0000000084800000|  0%| F|  |TAMS 0x0000000084700000, 0x0000000084700000| Untracked 
|  64|0x0000000084800000, 0x0000000084800000, 0x0000000084900000|  0%| F|  |TAMS 0x0000000084800000, 0x0000000084800000| Untracked 
|  65|0x0000000084900000, 0x0000000084900000, 0x0000000084a00000|  0%| F|  |TAMS 0x0000000084900000, 0x0000000084900000| Untracked 
|  66|0x0000000084a00000, 0x0000000084a00000, 0x0000000084b00000|  0%| F|  |TAMS 0x0000000084a00000, 0x0000000084a00000| Untracked 
|  67|0x0000000084b00000, 0x0000000084b00000, 0x0000000084c00000|  0%| F|  |TAMS 0x0000000084b00000, 0x0000000084b00000| Untracked 
|  68|0x0000000084c00000, 0x0000000084c00000, 0x0000000084d00000|  0%| F|  |TAMS 0x0000000084c00000, 0x0000000084c00000| Untracked 
|  69|0x0000000084d00000, 0x0000000084d00000, 0x0000000084e00000|  0%| F|  |TAMS 0x0000000084d00000, 0x0000000084d00000| Untracked 
|  70|0x0000000084e00000, 0x0000000084e00000, 0x0000000084f00000|  0%| F|  |TAMS 0x0000000084e00000, 0x0000000084e00000| Untracked 
|  71|0x0000000084f00000, 0x0000000084f00000, 0x0000000085000000|  0%| F|  |TAMS 0x0000000084f00000, 0x0000000084f00000| Untracked 
|  72|0x0000000085000000, 0x0000000085000000, 0x0000000085100000|  0%| F|  |TAMS 0x0000000085000000, 0x0000000085000000| Untracked 
|  73|0x0000000085100000, 0x0000000085100000, 0x0000000085200000|  0%| F|  |TAMS 0x0000000085100000, 0x0000000085100000| Untracked 
|  74|0x0000000085200000, 0x0000000085200000, 0x0000000085300000|  0%| F|  |TAMS 0x0000000085200000, 0x0000000085200000| Untracked 
|  75|0x0000000085300000, 0x0000000085300000, 0x0000000085400000|  0%| F|  |TAMS 0x0000000085300000, 0x0000000085300000| Untracked 
|  76|0x0000000085400000, 0x0000000085400000, 0x0000000085500000|  0%| F|  |TAMS 0x0000000085400000, 0x0000000085400000| Untracked 
|  77|0x0000000085500000, 0x0000000085500000, 0x0000000085600000|  0%| F|  |TAMS 0x0000000085500000, 0x0000000085500000| Untracked 
|  78|0x0000000085600000, 0x0000000085600000, 0x0000000085700000|  0%| F|  |TAMS 0x0000000085600000, 0x0000000085600000| Untracked 
|  79|0x0000000085700000, 0x0000000085700000, 0x0000000085800000|  0%| F|  |TAMS 0x0000000085700000, 0x0000000085700000| Untracked 
|  80|0x0000000085800000, 0x0000000085800000, 0x0000000085900000|  0%| F|  |TAMS 0x0000000085800000, 0x0000000085800000| Untracked 
|  81|0x0000000085900000, 0x0000000085900000, 0x0000000085a00000|  0%| F|  |TAMS 0x0000000085900000, 0x0000000085900000| Untracked 
|  82|0x0000000085a00000, 0x0000000085a00000, 0x0000000085b00000|  0%| F|  |TAMS 0x0000000085a00000, 0x0000000085a00000| Untracked 
|  83|0x0000000085b00000, 0x0000000085b00000, 0x0000000085c00000|  0%| F|  |TAMS 0x0000000085b00000, 0x0000000085b00000| Untracked 
|  84|0x0000000085c00000, 0x0000000085c00000, 0x0000000085d00000|  0%| F|  |TAMS 0x0000000085c00000, 0x0000000085c00000| Untracked 
|  85|0x0000000085d00000, 0x0000000085d00000, 0x0000000085e00000|  0%| F|  |TAMS 0x0000000085d00000, 0x0000000085d00000| Untracked 
|  86|0x0000000085e00000, 0x0000000085e00000, 0x0000000085f00000|  0%| F|  |TAMS 0x0000000085e00000, 0x0000000085e00000| Untracked 
|  87|0x0000000085f00000, 0x0000000085f00000, 0x0000000086000000|  0%| F|  |TAMS 0x0000000085f00000, 0x0000000085f00000| Untracked 
|  88|0x0000000086000000, 0x0000000086000000, 0x0000000086100000|  0%| F|  |TAMS 0x0000000086000000, 0x0000000086000000| Untracked 
|  89|0x0000000086100000, 0x0000000086100000, 0x0000000086200000|  0%| F|  |TAMS 0x0000000086100000, 0x0000000086100000| Untracked 
|  90|0x0000000086200000, 0x0000000086200000, 0x0000000086300000|  0%| F|  |TAMS 0x0000000086200000, 0x0000000086200000| Untracked 
|  91|0x0000000086300000, 0x0000000086300000, 0x0000000086400000|  0%| F|  |TAMS 0x0000000086300000, 0x0000000086300000| Untracked 
|  92|0x0000000086400000, 0x0000000086400000, 0x0000000086500000|  0%| F|  |TAMS 0x0000000086400000, 0x0000000086400000| Untracked 
|  93|0x0000000086500000, 0x0000000086500000, 0x0000000086600000|  0%| F|  |TAMS 0x0000000086500000, 0x0000000086500000| Untracked 
|  94|0x0000000086600000, 0x0000000086600000, 0x0000000086700000|  0%| F|  |TAMS 0x0000000086600000, 0x0000000086600000| Untracked 
|  95|0x0000000086700000, 0x0000000086700000, 0x0000000086800000|  0%| F|  |TAMS 0x0000000086700000, 0x0000000086700000| Untracked 
|  96|0x0000000086800000, 0x0000000086800000, 0x0000000086900000|  0%| F|  |TAMS 0x0000000086800000, 0x0000000086800000| Untracked 
|  97|0x0000000086900000, 0x0000000086900000, 0x0000000086a00000|  0%| F|  |TAMS 0x0000000086900000, 0x0000000086900000| Untracked 
|  98|0x0000000086a00000, 0x0000000086a00000, 0x0000000086b00000|  0%| F|  |TAMS 0x0000000086a00000, 0x0000000086a00000| Untracked 
|  99|0x0000000086b00000, 0x0000000086b00000, 0x0000000086c00000|  0%| F|  |TAMS 0x0000000086b00000, 0x0000000086b00000| Untracked 
| 100|0x0000000086c00000, 0x0000000086c00000, 0x0000000086d00000|  0%| F|  |TAMS 0x0000000086c00000, 0x0000000086c00000| Untracked 
| 101|0x0000000086d00000, 0x0000000086d00000, 0x0000000086e00000|  0%| F|  |TAMS 0x0000000086d00000, 0x0000000086d00000| Untracked 
| 102|0x0000000086e00000, 0x0000000086e00000, 0x0000000086f00000|  0%| F|  |TAMS 0x0000000086e00000, 0x0000000086e00000| Untracked 
| 103|0x0000000086f00000, 0x0000000086f00000, 0x0000000087000000|  0%| F|  |TAMS 0x0000000086f00000, 0x0000000086f00000| Untracked 
| 104|0x0000000087000000, 0x0000000087000000, 0x0000000087100000|  0%| F|  |TAMS 0x0000000087000000, 0x0000000087000000| Untracked 
| 105|0x0000000087100000, 0x0000000087100000, 0x0000000087200000|  0%| F|  |TAMS 0x0000000087100000, 0x0000000087100000| Untracked 
| 106|0x0000000087200000, 0x0000000087200000, 0x0000000087300000|  0%| F|  |TAMS 0x0000000087200000, 0x0000000087200000| Untracked 
| 107|0x0000000087300000, 0x0000000087300000, 0x0000000087400000|  0%| F|  |TAMS 0x0000000087300000, 0x0000000087300000| Untracked 
| 108|0x0000000087400000, 0x0000000087400000, 0x0000000087500000|  0%| F|  |TAMS 0x0000000087400000, 0x0000000087400000| Untracked 
| 109|0x0000000087500000, 0x0000000087500000, 0x0000000087600000|  0%| F|  |TAMS 0x0000000087500000, 0x0000000087500000| Untracked 
| 110|0x0000000087600000, 0x0000000087600000, 0x0000000087700000|  0%| F|  |TAMS 0x0000000087600000, 0x0000000087600000| Untracked 
| 111|0x0000000087700000, 0x0000000087700000, 0x0000000087800000|  0%| F|  |TAMS 0x0000000087700000, 0x0000000087700000| Untracked 
| 112|0x0000000087800000, 0x0000000087800000, 0x0000000087900000|  0%| F|  |TAMS 0x0000000087800000, 0x0000000087800000| Untracked 
| 113|0x0000000087900000, 0x0000000087900000, 0x0000000087a00000|  0%| F|  |TAMS 0x0000000087900000, 0x0000000087900000| Untracked 
| 114|0x0000000087a00000, 0x0000000087a00000, 0x0000000087b00000|  0%| F|  |TAMS 0x0000000087a00000, 0x0000000087a00000| Untracked 
| 115|0x0000000087b00000, 0x0000000087b00000, 0x0000000087c00000|  0%| F|  |TAMS 0x0000000087b00000, 0x0000000087b00000| Untracked 
| 116|0x0000000087c00000, 0x0000000087c00000, 0x0000000087d00000|  0%| F|  |TAMS 0x0000000087c00000, 0x0000000087c00000| Untracked 
| 117|0x0000000087d00000, 0x0000000087d00000, 0x0000000087e00000|  0%| F|  |TAMS 0x0000000087d00000, 0x0000000087d00000| Untracked 
| 118|0x0000000087e00000, 0x0000000087e00000, 0x0000000087f00000|  0%| F|  |TAMS 0x0000000087e00000, 0x0000000087e00000| Untracked 
| 119|0x0000000087f00000, 0x0000000087fec628, 0x0000000088000000| 92%| E|  |TAMS 0x0000000087f00000, 0x0000000087f00000| Complete 
| 120|0x0000000088000000, 0x0000000088100000, 0x0000000088100000|100%| E|CS|TAMS 0x0000000088000000, 0x0000000088000000| Complete 
| 121|0x0000000088100000, 0x0000000088200000, 0x0000000088200000|100%| E|CS|TAMS 0x0000000088100000, 0x0000000088100000| Complete 
| 122|0x0000000088200000, 0x0000000088300000, 0x0000000088300000|100%| E|CS|TAMS 0x0000000088200000, 0x0000000088200000| Complete 
| 123|0x0000000088300000, 0x0000000088400000, 0x0000000088400000|100%| E|CS|TAMS 0x0000000088300000, 0x0000000088300000| Complete 
| 124|0x0000000088400000, 0x0000000088500000, 0x0000000088500000|100%| E|CS|TAMS 0x0000000088400000, 0x0000000088400000| Complete 
| 125|0x0000000088500000, 0x0000000088600000, 0x0000000088600000|100%| E|CS|TAMS 0x0000000088500000, 0x0000000088500000| Complete 
| 126|0x0000000088600000, 0x0000000088700000, 0x0000000088700000|100%| E|CS|TAMS 0x0000000088600000, 0x0000000088600000| Complete 
| 127|0x0000000088700000, 0x0000000088800000, 0x0000000088800000|100%| E|CS|TAMS 0x0000000088700000, 0x0000000088700000| Complete 

Card table byte_map: [0x0000022d3bb10000,0x0000022d3bf10000] _byte_map_base: 0x0000022d3b70c000

Marking Bits (Prev, Next): (CMBitMap*) 0x0000022d23c6ab38, (CMBitMap*) 0x0000022d23c6ab78
 Prev Bits: [0x0000022d3c310000, 0x0000022d3e2f0000)
 Next Bits: [0x0000022d3e2f0000, 0x0000022d402d0000)

Polling page: 0x0000022d21ba0000

Metaspace:

Usage:
  Non-class:      5.75 MB capacity,     5.59 MB ( 97%) used,   145.88 KB (  2%) free+waste,    19.94 KB ( <1%) overhead. 
      Class:    855.00 KB capacity,   728.99 KB ( 85%) used,   112.38 KB ( 13%) free+waste,    13.63 KB (  2%) overhead. 
       Both:      6.59 MB capacity,     6.30 MB ( 96%) used,   258.27 KB (  4%) free+waste,    33.56 KB ( <1%) overhead. 

Virtual space:
  Non-class space:        8.00 MB reserved,       6.00 MB ( 75%) committed 
      Class space:        1.00 GB reserved,     896.00 KB ( <1%) committed 
             Both:        1.01 GB reserved,       6.88 MB ( <1%) committed 

Chunk freelists:
   Non-Class:  62.00 KB
       Class:  9.00 KB
        Both:  71.00 KB

MaxMetaspaceSize: 17179869184.00 GB
CompressedClassSpaceSize: 1.00 GB

CodeHeap 'non-profiled nmethods': size=120000Kb used=187Kb max_used=187Kb free=119813Kb
 bounds [0x0000022d33eb0000, 0x0000022d34120000, 0x0000022d3b3e0000]
CodeHeap 'profiled nmethods': size=120000Kb used=1353Kb max_used=1353Kb free=118646Kb
 bounds [0x0000022d2c980000, 0x0000022d2cbf0000, 0x0000022d33eb0000]
CodeHeap 'non-nmethods': size=5760Kb used=1260Kb max_used=1271Kb free=4500Kb
 bounds [0x0000022d2c3e0000, 0x0000022d2c650000, 0x0000022d2c980000]
 total_blobs=1636 nmethods=722 adapters=457
 compilation: enabled
              stopped_count=0, restarted_count=0
 full_count=0

Compilation events (20 events):
Event: 0.559 Thread 0x0000022d42d24800 nmethod 681 0x0000022d2caa9690 code [0x0000022d2caa9840, 0x0000022d2caa9ab8]
Event: 0.559 Thread 0x0000022d42d24800  678       3       jdk.internal.org.objectweb.asm.MethodWriter::hasFrames (13 bytes)
Event: 0.559 Thread 0x0000022d42d24800 nmethod 678 0x0000022d2caa9b90 code [0x0000022d2caa9d20, 0x0000022d2caa9e98]
Event: 0.559 Thread 0x0000022d42d24800  679       3       jdk.internal.org.objectweb.asm.MethodWriter::putMethodInfo (1431 bytes)
Event: 0.562 Thread 0x0000022d44391800 nmethod 666 0x0000022d33edba90 code [0x0000022d33edbca0, 0x0000022d33edc0a8]
Event: 0.562 Thread 0x0000022d44391800  673       4       java.lang.StringUTF16::getChar (60 bytes)
Event: 0.563 Thread 0x0000022d44391800 nmethod 673 0x0000022d33edc390 code [0x0000022d33edc540, 0x0000022d33edc638]
Event: 0.563 Thread 0x0000022d44391800  655       4       java.lang.String::substring (58 bytes)
Event: 0.564 Thread 0x0000022d42d24800 nmethod 679 0x0000022d2caa9f10 code [0x0000022d2caaa6e0, 0x0000022d2caad3e8]
Event: 0.564 Thread 0x0000022d42d24800  685       1       java.lang.Boolean::booleanValue (5 bytes)
Event: 0.564 Thread 0x0000022d42d24800 nmethod 685 0x0000022d33edc710 code [0x0000022d33edc8a0, 0x0000022d33edc978]
Event: 0.564 Thread 0x0000022d42d24800  682       3       jdk.internal.org.objectweb.asm.MethodWriter::visitMaxs (60 bytes)
Event: 0.565 Thread 0x0000022d42d24800 nmethod 682 0x0000022d2caae910 code [0x0000022d2caaeae0, 0x0000022d2caaed78]
Event: 0.565 Thread 0x0000022d42d24800  683       3       jdk.internal.org.objectweb.asm.MethodWriter::visitEnd (1 bytes)
Event: 0.565 Thread 0x0000022d42d24800 nmethod 683 0x0000022d2caaee10 code [0x0000022d2caaefa0, 0x0000022d2caaf0b8]
Event: 0.567 Thread 0x0000022d42d24800  686 %     3       sun.awt.image.PNGImageDecoder::filterRow @ 79 (460 bytes)
Event: 0.568 Thread 0x0000022d42d24800 nmethod 686% 0x0000022d2caaf190 code [0x0000022d2caaf420, 0x0000022d2cab0508]
Event: 0.568 Thread 0x0000022d42d24800  687       3       sun.awt.image.PNGImageDecoder::filterRow (460 bytes)
Event: 0.568 Thread 0x0000022d44391800 nmethod 655 0x0000022d33edca10 code [0x0000022d33edcc00, 0x0000022d33edd1b8]
Event: 0.569 Thread 0x0000022d42d24800 nmethod 687 0x0000022d2cab0d10 code [0x0000022d2cab0fa0, 0x0000022d2cab1e08]

GC Heap History (0 events):
No events

Deoptimization events (9 events):
Event: 0.106 Thread 0x0000022d21b2e000 Uncommon trap: trap_request=0xffffff45 fr.pc=0x0000022d33eb47d0 relative=0x00000000000001f0
Event: 0.106 Thread 0x0000022d21b2e000 Uncommon trap: reason=unstable_if action=reinterpret pc=0x0000022d33eb47d0 method=java.lang.String.hashCode()I @ 13 c2
Event: 0.106 Thread 0x0000022d21b2e000 DEOPT PACKING pc=0x0000022d33eb47d0 sp=0x00000079890fcb90
Event: 0.106 Thread 0x0000022d21b2e000 DEOPT UNPACKING pc=0x0000022d2c42942f sp=0x00000079890fcb28 mode 2
Event: 0.420 Thread 0x0000022d21b2e000 Uncommon trap: trap_request=0xffffffe5 fr.pc=0x0000022d33ec99d0 relative=0x0000000000000190
Event: 0.420 Thread 0x0000022d21b2e000 Uncommon trap: reason=range_check action=reinterpret pc=0x0000022d33ec99d0 method=java.lang.StringLatin1.indexOf([BII)I @ 13 c2
Event: 0.420 Thread 0x0000022d21b2e000 DEOPT PACKING pc=0x0000022d33ec99d0 sp=0x00000079890fc610
Event: 0.420 Thread 0x0000022d21b2e000 DEOPT UNPACKING pc=0x0000022d2c42942f sp=0x00000079890fc590 mode 2
Event: 0.570 Thread 0x0000022d441db000 DEOPT PACKING pc=0x0000022d2cab1d0d sp=0x000000798b0feea0

Classes unloaded (0 events):
No events

Classes redefined (0 events):
No events

Internal exceptions (14 events):
Event: 0.106 Thread 0x0000022d21b2e000 Exception <a 'java/lang/ClassNotFoundException'{0x0000000088649428}: sun/awt/resources/spi/awtProvider> (0x0000000088649428) 
thrown [./open/src/hotspot/share/classfile/systemDictionary.cpp, line 226]
Event: 0.138 Thread 0x0000022d21b2e000 Exception <a 'java/io/FileNotFoundException'{0x000000008869dcc0}> (0x000000008869dcc0) 
thrown [./open/src/hotspot/share/prims/jni.cpp, line 599]
Event: 0.147 Thread 0x0000022d21b2e000 Exception <a 'java/io/FileNotFoundException'{0x00000000886c4100}> (0x00000000886c4100) 
thrown [./open/src/hotspot/share/prims/jni.cpp, line 599]
Event: 0.208 Thread 0x0000022d439e2800 Exception <a 'java/lang/NoSuchMethodError'{0x000000008857b330}: 'void java.lang.invoke.DirectMethodHandle$Holder.invokeSpecial(java.lang.Object, java.lang.Object)'> (0x000000008857b330) 
thrown [./open/src/hotspot/share/interpreter/linkResolver.cpp, line 766]
Event: 0.329 Thread 0x0000022d21b2e000 Exception <a 'java/lang/NoSuchMethodError'{0x00000000885fdf20}: 'java.lang.Object java.lang.invoke.DirectMethodHandle$Holder.invokeStatic(java.lang.Object, int, java.lang.Object, java.lang.Object, java.lang.Object, java.lang.Object)'> (0x00000000885fdf20) 
thrown [./open/src/hotspot/share/interpreter/linkResolver.cpp, line 766]
Event: 0.329 Thread 0x0000022d21b2e000 Exception <a 'java/lang/NoSuchMethodError'{0x0000000088404d20}: 'java.lang.Object java.lang.invoke.DirectMethodHandle$Holder.invokeStatic(java.lang.Object, int, java.lang.Object, java.lang.Object, java.lang.Object)'> (0x0000000088404d20) 
thrown [./open/src/hotspot/share/interpreter/linkResolver.cpp, line 766]
Event: 0.330 Thread 0x0000022d21b2e000 Exception <a 'java/lang/NoSuchMethodError'{0x0000000088408570}: 'java.lang.Object java.lang.invoke.DirectMethodHandle$Holder.invokeSpecial(java.lang.Object, java.lang.Object, int, java.lang.Object, java.lang.Object, java.lang.Object)'> (0x0000000088408570) 
thrown [./open/src/hotspot/share/interpreter/linkResolver.cpp, line 766]
Event: 0.333 Thread 0x0000022d21b2e000 Exception <a 'java/lang/NoSuchMethodError'{0x000000008841e918}: 'java.lang.Object java.lang.invoke.DirectMethodHandle$Holder.invokeStatic(java.lang.Object, int, java.lang.Object)'> (0x000000008841e918) 
thrown [./open/src/hotspot/share/interpreter/linkResolver.cpp, line 766]
Event: 0.356 Thread 0x0000022d21b2e000 Exception <a 'java/lang/ClassNotFoundException'{0x00000000884c2060}: com/sun/swing/internal/plaf/metal/resources/spi/metalProvider> (0x00000000884c2060) 
thrown [./open/src/hotspot/share/classfile/systemDictionary.cpp, line 226]
Event: 0.358 Thread 0x0000022d21b2e000 Exception <a 'java/lang/ClassNotFoundException'{0x00000000884c6158}: com/sun/swing/internal/plaf/basic/resources/spi/basicProvider> (0x00000000884c6158) 
thrown [./open/src/hotspot/share/classfile/systemDictionary.cpp, line 226]
Event: 0.395 Thread 0x0000022d21b2e000 Exception <a 'java/lang/NoSuchMethodError'{0x0000000088318e98}: 'void java.lang.invoke.DirectMethodHandle$Holder.invokeStaticInit(java.lang.Object)'> (0x0000000088318e98) 
thrown [./open/src/hotspot/share/interpreter/linkResolver.cpp, line 766]
Event: 0.426 Thread 0x0000022d21b2e000 Exception <a 'java/lang/NoSuchMethodError'{0x000000008836f4b0}: 'java.lang.Object java.lang.invoke.Invokers$Holder.linkToTargetMethod(java.lang.Object, int, java.lang.Object)'> (0x000000008836f4b0) 
thrown [./open/src/hotspot/share/interpreter/linkResolver.cpp, line 766]
Event: 0.555 Thread 0x0000022d441db000 Exception <a 'java/lang/NoSuchMethodError'{0x00000000881ae640}: 'java.lang.Object java.lang.invoke.DirectMethodHandle$Holder.invokeStatic(java.lang.Object, java.lang.Object, java.lang.Object, int, int, int, int, int)'> (0x00000000881ae640) 
thrown [./open/src/hotspot/share/interpreter/linkResolver.cpp, line 766]
Event: 0.558 Thread 0x0000022d441db000 Exception <a 'java/lang/NoSuchMethodError'{0x00000000881b6b70}: 'java.lang.Object java.lang.invoke.Invokers$Holder.linkToTargetMethod(java.lang.Object, java.lang.Object, int, int, int, int, int, java.lang.Object)'> (0x00000000881b6b70) 
thrown [./open/src/hotspot/share/interpreter/linkResolver.cpp, line 766]

Events (20 events):
Event: 0.560 loading class sun/awt/image/IntegerComponentRaster done
Event: 0.560 loading class sun/awt/image/IntegerInterleavedRaster done
Event: 0.561 loading class java/awt/image/BufferedImage
Event: 0.561 loading class java/awt/image/WritableRenderedImage
Event: 0.561 loading class java/awt/image/RenderedImage
Event: 0.561 loading class java/awt/image/RenderedImage done
Event: 0.561 loading class java/awt/image/WritableRenderedImage done
Event: 0.561 loading class java/awt/image/BufferedImage done
Event: 0.561 loading class java/awt/image/BufferedImage$1
Event: 0.562 loading class java/awt/image/BufferedImage$1 done
Event: 0.563 Executing VM operation: HandshakeOneThread
Event: 0.563 Executing VM operation: HandshakeOneThread done
Event: 0.564 loading class javax/swing/plaf/metal/MetalLabelUI
Event: 0.564 loading class javax/swing/plaf/basic/BasicLabelUI
Event: 0.564 loading class javax/swing/plaf/LabelUI
Event: 0.565 loading class javax/swing/plaf/LabelUI done
Event: 0.565 loading class javax/swing/plaf/basic/BasicLabelUI done
Event: 0.565 loading class javax/swing/plaf/metal/MetalLabelUI done
Event: 0.565 loading class javax/swing/plaf/metal/DefaultMetalTheme$FontDelegate$1
Event: 0.565 loading class javax/swing/plaf/metal/DefaultMetalTheme$FontDelegate$1 done


Dynamic libraries:
0x00007ff619700000 - 0x00007ff61970f000 	C:\Program Files\Java\jdk-14.0.1\bin\javaw.exe
0x00007ffbe3d30000 - 0x00007ffbe3f26000 	C:\Windows\SYSTEM32\ntdll.dll
0x00007ffbe2e30000 - 0x00007ffbe2eed000 	C:\Windows\System32\KERNEL32.DLL
0x00007ffbe1750000 - 0x00007ffbe1a18000 	C:\Windows\System32\KERNELBASE.dll
0x00007ffbe1c60000 - 0x00007ffbe1d60000 	C:\Windows\System32\ucrtbase.dll
0x00007ffbd87e0000 - 0x00007ffbd87f8000 	C:\Program Files\Java\jdk-14.0.1\bin\jli.dll
0x00007ffbd79a0000 - 0x00007ffbd79b5000 	C:\Program Files\Java\jdk-14.0.1\bin\VCRUNTIME140.dll
0x00007ffbe3130000 - 0x00007ffbe31dc000 	C:\Windows\System32\ADVAPI32.dll
0x00007ffbe2ef0000 - 0x00007ffbe2f8e000 	C:\Windows\System32\msvcrt.dll
0x00007ffbe2250000 - 0x00007ffbe22eb000 	C:\Windows\System32\sechost.dll
0x00007ffbe3bc0000 - 0x00007ffbe3ce4000 	C:\Windows\System32\RPCRT4.dll
0x00007ffbe2f90000 - 0x00007ffbe3130000 	C:\Windows\System32\USER32.dll
0x00007ffbe16d0000 - 0x00007ffbe16f2000 	C:\Windows\System32\win32u.dll
0x00007ffbd9f40000 - 0x00007ffbda1db000 	C:\Windows\WinSxS\amd64_microsoft.windows.common-controls_6595b64144ccf1df_6.0.19041.488_none_ca04af081b815d21\COMCTL32.dll
0x00007ffbe2df0000 - 0x00007ffbe2e1a000 	C:\Windows\System32\GDI32.dll
0x00007ffbe15c0000 - 0x00007ffbe16c9000 	C:\Windows\System32\gdi32full.dll
0x00007ffbe1470000 - 0x00007ffbe150d000 	C:\Windows\System32\msvcp_win.dll
0x00007ffbda2e0000 - 0x00007ffbda2ea000 	C:\Windows\SYSTEM32\VERSION.dll
0x00007ffbe1ec0000 - 0x00007ffbe1ef0000 	C:\Windows\System32\IMM32.DLL
0x00007ffbc5840000 - 0x00007ffbc58db000 	C:\Program Files\Java\jdk-14.0.1\bin\msvcp140.dll
0x00007ffbbe9b0000 - 0x00007ffbbf4ce000 	C:\Program Files\Java\jdk-14.0.1\bin\server\jvm.dll
0x00007ffbe22f0000 - 0x00007ffbe22f8000 	C:\Windows\System32\PSAPI.DLL
0x00007ffbded40000 - 0x00007ffbded49000 	C:\Windows\SYSTEM32\WSOCK32.dll
0x00007ffbd8800000 - 0x00007ffbd8827000 	C:\Windows\SYSTEM32\WINMM.dll
0x00007ffbe3440000 - 0x00007ffbe34ab000 	C:\Windows\System32\WS2_32.dll
0x00007ffbdf3e0000 - 0x00007ffbdf3f2000 	C:\Windows\SYSTEM32\kernel.appcore.dll
0x00007ffbded30000 - 0x00007ffbded3a000 	C:\Program Files\Java\jdk-14.0.1\bin\jimage.dll
0x00007ffbdb180000 - 0x00007ffbdb364000 	C:\Windows\SYSTEM32\DBGHELP.DLL
0x00007ffbcf950000 - 0x00007ffbcf97c000 	C:\Windows\SYSTEM32\dbgcore.DLL
0x00007ffbe1a20000 - 0x00007ffbe1a9f000 	C:\Windows\System32\bcryptPrimitives.dll
0x00007ffbcb510000 - 0x00007ffbcb535000 	C:\Program Files\Java\jdk-14.0.1\bin\java.dll
0x00007ffbd8770000 - 0x00007ffbd8786000 	C:\Program Files\Java\jdk-14.0.1\bin\zip.dll
0x00007ffbe25f0000 - 0x00007ffbe2d31000 	C:\Windows\System32\SHELL32.dll
0x00007ffbdf5e0000 - 0x00007ffbdfd75000 	C:\Windows\SYSTEM32\windows.storage.dll
0x00007ffbe1ef0000 - 0x00007ffbe2245000 	C:\Windows\System32\combase.dll
0x00007ffbe0e70000 - 0x00007ffbe0e9c000 	C:\Windows\SYSTEM32\Wldp.dll
0x00007ffbe2d40000 - 0x00007ffbe2dee000 	C:\Windows\System32\SHCORE.dll
0x00007ffbe3b60000 - 0x00007ffbe3bb5000 	C:\Windows\System32\shlwapi.dll
0x00007ffbe13a0000 - 0x00007ffbe13c6000 	C:\Windows\SYSTEM32\profapi.dll
0x00007ffbbfc30000 - 0x00007ffbbfdc8000 	C:\Program Files\Java\jdk-14.0.1\bin\awt.dll
0x00007ffbe1df0000 - 0x00007ffbe1ebd000 	C:\Windows\System32\OLEAUT32.dll
0x00007ffbded50000 - 0x00007ffbdede0000 	C:\Windows\SYSTEM32\apphelp.dll
0x00007ffbdf1d0000 - 0x00007ffbdf1ff000 	C:\Windows\system32\DWMAPI.DLL
0x00007ffbdef00000 - 0x00007ffbdef9e000 	C:\Windows\system32\uxtheme.dll
0x00007ffbbce00000 - 0x00007ffbbcf25000 	C:\Windows\system32\opengl32.dll
0x00007ffbbdea0000 - 0x00007ffbbdecc000 	C:\Windows\SYSTEM32\GLU32.dll
0x00007ffbe3320000 - 0x00007ffbe3435000 	C:\Windows\System32\MSCTF.dll
0x00007ffbe2390000 - 0x00007ffbe24ba000 	C:\Windows\System32\ole32.dll
0x00007ffbbcf30000 - 0x00007ffbbd0fe000 	C:\Windows\system32\d3d9.dll
0x00007ffbd8860000 - 0x00007ffbd8a3b000 	C:\Windows\System32\DriverStore\FileRepository\u0360732.inf_amd64_c7238d1e8b4aaa3b\B360768\aticfx64.dll
0x00007ffbbd250000 - 0x00007ffbbd283000 	C:\Windows\System32\DriverStore\FileRepository\u0360732.inf_amd64_c7238d1e8b4aaa3b\B360768\atiu9p64.dll
0x00007ffbb63b0000 - 0x00007ffbb7088000 	C:\Windows\System32\DriverStore\FileRepository\u0360732.inf_amd64_c7238d1e8b4aaa3b\B360768\atiumd64.dll
0x0000000060150000 - 0x0000000060fde000 	C:\Windows\System32\DriverStore\FileRepository\u0360732.inf_amd64_c7238d1e8b4aaa3b\B360768\atiumd6a.dll
0x00007ffbe1010000 - 0x00007ffbe105b000 	C:\Windows\SYSTEM32\POWRPROF.dll
0x00007ffbe0f10000 - 0x00007ffbe0f22000 	C:\Windows\SYSTEM32\UMPDC.dll
0x00007ffbd8440000 - 0x00007ffbd846f000 	C:\Windows\SYSTEM32\amdihk64.dll
0x00007ffbd8cd0000 - 0x00007ffbd8d0b000 	C:\Windows\SYSTEM32\dxcore.dll
0x00007ffbe1700000 - 0x00007ffbe174e000 	C:\Windows\System32\cfgmgr32.dll
0x00007ffbc1760000 - 0x00007ffbc17e2000 	C:\Program Files\Java\jdk-14.0.1\bin\freetype.dll
0x00007ffbc0dd0000 - 0x00007ffbc0e76000 	C:\Program Files\Java\jdk-14.0.1\bin\fontmanager.dll
0x00007ffbd7210000 - 0x00007ffbd730c000 	C:\Windows\SYSTEM32\textinputframework.dll
0x00007ffbdea40000 - 0x00007ffbdeb32000 	C:\Windows\System32\CoreMessaging.dll
0x00007ffbde6e0000 - 0x00007ffbdea3e000 	C:\Windows\System32\CoreUIComponents.dll
0x00007ffbe01b0000 - 0x00007ffbe01e3000 	C:\Windows\SYSTEM32\ntmarta.dll
0x00007ffbdd380000 - 0x00007ffbdd4d6000 	C:\Windows\SYSTEM32\wintypes.dll

dbghelp: loaded successfully - version: 4.0.5 - missing functions: none
symbol engine: initialized successfully - sym options: 0x614 - pdb path: .;C:\Program Files\Java\jdk-14.0.1\bin;C:\Windows\SYSTEM32;C:\Windows\WinSxS\amd64_microsoft.windows.common-controls_6595b64144ccf1df_6.0.19041.488_none_ca04af081b815d21;C:\Program Files\Java\jdk-14.0.1\bin\server;C:\Windows\System32\DriverStore\FileRepository\u0360732.inf_amd64_c7238d1e8b4aaa3b\B360768

VM Arguments:
jvm_args: -Dfile.encoding=Cp1252 
java_command: Juego.Main
java_class_path (initial): C:\Users\valentin\Desktop\Workspace\Juego-Infectados\bin
Launcher Type: SUN_STANDARD

[Global flags]
     intx CICompilerCount                          = 4                                         {product} {ergonomic}
     uint ConcGCThreads                            = 2                                         {product} {ergonomic}
     uint G1ConcRefinementThreads                  = 8                                         {product} {ergonomic}
   size_t G1HeapRegionSize                         = 1048576                                   {product} {ergonomic}
    uintx GCDrainStackTargetSize                   = 64                                        {product} {ergonomic}
   size_t InitialHeapSize                          = 134217728                                 {product} {ergonomic}
   size_t MarkStackSize                            = 4194304                                   {product} {ergonomic}
   size_t MaxHeapSize                              = 2139095040                                {product} {ergonomic}
   size_t MaxNewSize                               = 1283457024                                {product} {ergonomic}
   size_t MinHeapDeltaBytes                        = 1048576                                   {product} {ergonomic}
   size_t MinHeapSize                              = 8388608                                   {product} {ergonomic}
    uintx NonNMethodCodeHeapSize                   = 5839372                                {pd product} {ergonomic}
    uintx NonProfiledCodeHeapSize                  = 122909434                              {pd product} {ergonomic}
    uintx ProfiledCodeHeapSize                     = 122909434                              {pd product} {ergonomic}
    uintx ReservedCodeCacheSize                    = 251658240                              {pd product} {ergonomic}
     bool SegmentedCodeCache                       = true                                      {product} {ergonomic}
   size_t SoftMaxHeapSize                          = 2139095040                             {manageable} {ergonomic}
     bool UseCompressedClassPointers               = true                                 {lp64_product} {ergonomic}
     bool UseCompressedOops                        = true                                 {lp64_product} {ergonomic}
     bool UseG1GC                                  = true                                      {product} {ergonomic}
     bool UseLargePagesIndividualAllocation        = false                                  {pd product} {ergonomic}

Logging:
Log output configuration:
 #0: stdout all=warning uptime,level,tags
 #1: stderr all=off uptime,level,tags

Environment Variables:
PATH=C:/Program Files/Java/jdk-14.0.1/bin/server;C:/Program Files/Java/jdk-14.0.1/bin;C:\Program Files (x86)\Razer Chroma SDK\bin;C:\Program Files\Razer Chroma SDK\bin;C:\Program Files (x86)\Razer\ChromaBroadcast\bin;C:\Program Files\Razer\ChromaBroadcast\bin;C:\Windows\system32;C:\Windows;C:\Windows\System32\Wbem;C:\Windows\System32\WindowsPowerShell\v1.0\;C:\Windows\System32\OpenSSH\;C:\Windows\system32\config\systemprofile\AppData\Local\Microsoft\WindowsApps;C:\Program Files\Git\cmd;C:\Users\valentin\AppData\Local\Microsoft\WindowsApps;;C:\Users\valentin\Desktop;
USERNAME=valentin
OS=Windows_NT
PROCESSOR_IDENTIFIER=AMD64 Family 21 Model 2 Stepping 0, AuthenticAMD



---------------  S Y S T E M  ---------------

OS: Windows 10 , 64 bit Build 19041 (10.0.19041.546)
OS uptime: 1 days 3:26 hours

CPU:total 8 (initial active 8) (8 cores per cpu, 1 threads per core) family 21 model 2 stepping 0, cmov, cx8, fxsr, mmx, sse, sse2, sse3, ssse3, sse4.1, sse4.2, popcnt, avx, aes, clmul, mmxext, 3dnowpref, lzcnt, sse4a, tsc, tscinvbit, tscinv, bmi1, fma

Memory: 4k page, system-wide physical 8158M (2676M free)
TotalPageFile size 8158M (AvailPageFile size 5M)
current process WorkingSet (physical memory assigned to process): 80M, peak: 80M
current process commit charge ("private bytes"): 250M, peak: 251M

vm_info: Java HotSpot(TM) 64-Bit Server VM (14.0.1+7) for windows-amd64 JRE (14.0.1+7), built on Mar  5 2020 10:30:14 by "mach5one" with MS VC++ 15.9 (VS2017)

END.
