#
# There is insufficient memory for the Java Runtime Environment to continue.
# Native memory allocation (malloc) failed to allocate 99312 bytes for Chunk::new
# Possible reasons:
#   The system is out of physical RAM or swap space
#   The process is running with CompressedOops enabled, and the Java Heap may be blocking the growth of the native heap
# Possible solutions:
#   Reduce memory load on the system
#   Increase physical memory or swap space
#   Check if swap backing store is full
#   Decrease Java heap size (-Xmx/-Xms)
#   Decrease number of Java threads
#   Decrease Java thread stack sizes (-Xss)
#   Set larger code cache with -XX:ReservedCodeCacheSize=
#   JVM is running with Unscaled Compressed Oops mode in which the Java heap is
#     placed in the first 4GB address space. The Java Heap base address is the
#     maximum limit for the native heap growth. Please use -XX:HeapBaseMinAddress
#     to set the Java Heap base and to place the Java Heap above 4GB virtual address.
# This output file may be truncated or incomplete.
#
#  Out of Memory Error (./open/src/hotspot/share/memory/arena.cpp:195), pid=12244, tid=12584
#
# JRE version: Java(TM) SE Runtime Environment (14.0.1+7) (build 14.0.1+7)
# Java VM: Java HotSpot(TM) 64-Bit Server VM (14.0.1+7, mixed mode, tiered, compressed oops, g1 gc, windows-amd64)
# No core dump will be written. Minidumps are not enabled by default on client versions of Windows
#

---------------  S U M M A R Y ------------

Command Line: -Dfile.encoding=Cp1252 Juego.Main

Host: AMD FX-8320E Eight-Core Processor              , 8 cores, 7G,  Windows 10 , 64 bit Build 19041 (10.0.19041.546)
Time: Tue Nov 17 02:11:13 2020 Hora estándar de Argentina elapsed time: 0 seconds (0d 0h 0m 0s)

---------------  T H R E A D  ---------------

Current thread (0x000001e822d43800):  JavaThread "main" [_thread_in_vm, id=12584, stack(0x0000004180500000,0x0000004180600000)]

Stack: [0x0000004180500000,0x0000004180600000]
Native frames: (J=compiled Java code, j=interpreted, Vv=VM code, C=native code)
V  [jvm.dll+0x5f840a]
V  [jvm.dll+0x741e4a]
V  [jvm.dll+0x7435ff]
V  [jvm.dll+0x743c43]
V  [jvm.dll+0x20d288]
V  [jvm.dll+0xabb07]
V  [jvm.dll+0xac1fc]
V  [jvm.dll+0x1c38f3]
V  [jvm.dll+0x1c25b0]
V  [jvm.dll+0x6cb87a]
V  [jvm.dll+0x6cce49]
V  [jvm.dll+0x6cd653]
V  [jvm.dll+0x1bcdd8]
V  [jvm.dll+0x1b0c47]
V  [jvm.dll+0x4d3652]
V  [jvm.dll+0x1c269d]
V  [jvm.dll+0x6cb87a]
V  [jvm.dll+0x6cce49]
V  [jvm.dll+0x6cd653]
V  [jvm.dll+0x1bcdd8]
V  [jvm.dll+0x1b0c47]
V  [jvm.dll+0x4d3652]
V  [jvm.dll+0x1c269d]
V  [jvm.dll+0x6cb87a]
V  [jvm.dll+0x6cce49]
V  [jvm.dll+0x6cd653]
V  [jvm.dll+0x1bcdd8]
V  [jvm.dll+0x1b0c47]
V  [jvm.dll+0x4d3652]
V  [jvm.dll+0x1c269d]
V  [jvm.dll+0x6cb87a]
V  [jvm.dll+0x6cce49]
V  [jvm.dll+0x6cd653]
V  [jvm.dll+0x1bcdd8]
V  [jvm.dll+0x1b0c47]
V  [jvm.dll+0x4d3652]
V  [jvm.dll+0x1c269d]
V  [jvm.dll+0x6cb87a]
V  [jvm.dll+0x6cce49]
V  [jvm.dll+0x6cd35d]
V  [jvm.dll+0x3ba57f]
C  [java.dll+0x1bd9]

Java frames: (J=compiled Java code, j=interpreted, Vv=VM code)
j  java.lang.ClassLoader.findBootstrapClass(Ljava/lang/String;)Ljava/lang/Class;+0 java.base@14.0.1
j  java.lang.ClassLoader.findBootstrapClassOrNull(Ljava/lang/String;)Ljava/lang/Class;+12 java.base@14.0.1
j  java.lang.System$2.findBootstrapClassOrNull(Ljava/lang/ClassLoader;Ljava/lang/String;)Ljava/lang/Class;+2 java.base@14.0.1
j  jdk.internal.loader.ClassLoaders$BootClassLoader.loadClassOrNull(Ljava/lang/String;Z)Ljava/lang/Class;+5 java.base@14.0.1
j  jdk.internal.loader.BuiltinClassLoader.loadClassOrNull(Ljava/lang/String;)Ljava/lang/Class;+3 java.base@14.0.1
j  jdk.internal.loader.BuiltinClassLoader.loadClassOrNull(Ljava/lang/String;Z)Ljava/lang/Class;+66 java.base@14.0.1
j  jdk.internal.loader.BuiltinClassLoader.loadClass(Ljava/lang/String;Z)Ljava/lang/Class;+3 java.base@14.0.1
j  jdk.internal.loader.ClassLoaders$AppClassLoader.loadClass(Ljava/lang/String;Z)Ljava/lang/Class;+36 java.base@14.0.1
j  java.lang.ClassLoader.loadClass(Ljava/lang/String;)Ljava/lang/Class;+3 java.base@14.0.1
v  ~StubRoutines::call_stub
j  java.lang.ClassLoader.defineClass1(Ljava/lang/ClassLoader;Ljava/lang/String;[BIILjava/security/ProtectionDomain;Ljava/lang/String;)Ljava/lang/Class;+0 java.base@14.0.1
j  java.lang.ClassLoader.defineClass(Ljava/lang/String;[BIILjava/security/ProtectionDomain;)Ljava/lang/Class;+27 java.base@14.0.1
j  java.security.SecureClassLoader.defineClass(Ljava/lang/String;[BIILjava/security/CodeSource;)Ljava/lang/Class;+12 java.base@14.0.1
j  jdk.internal.loader.BuiltinClassLoader.defineClass(Ljava/lang/String;Ljdk/internal/loader/Resource;)Ljava/lang/Class;+117 java.base@14.0.1
j  jdk.internal.loader.BuiltinClassLoader.findClassOnClassPathOrNull(Ljava/lang/String;)Ljava/lang/Class;+37 java.base@14.0.1
j  jdk.internal.loader.BuiltinClassLoader.loadClassOrNull(Ljava/lang/String;Z)Ljava/lang/Class;+111 java.base@14.0.1
j  jdk.internal.loader.BuiltinClassLoader.loadClass(Ljava/lang/String;Z)Ljava/lang/Class;+3 java.base@14.0.1
j  jdk.internal.loader.ClassLoaders$AppClassLoader.loadClass(Ljava/lang/String;Z)Ljava/lang/Class;+36 java.base@14.0.1
j  java.lang.ClassLoader.loadClass(Ljava/lang/String;)Ljava/lang/Class;+3 java.base@14.0.1
v  ~StubRoutines::call_stub
j  Juego.Juego.<init>()V+5
j  Juego.Main.main([Ljava/lang/String;)V+4
v  ~StubRoutines::call_stub

---------------  P R O C E S S  ---------------

Threads class SMR info:
_java_thread_list=0x000001e882faaf20, length=11, elements={
0x000001e822d43800, 0x000001e882def800, 0x000001e882df0800, 0x000001e882e15800,
0x000001e882e19000, 0x000001e882e1c000, 0x000001e882e37800, 0x000001e882e3e800,
0x000001e882e41800, 0x000001e882fe0800, 0x000001e882fe3000
}

Java Threads: ( => current thread )
=>0x000001e822d43800 JavaThread "main" [_thread_in_vm, id=12584, stack(0x0000004180500000,0x0000004180600000)]
  0x000001e882def800 JavaThread "Reference Handler" daemon [_thread_blocked, id=1332, stack(0x0000004180c00000,0x0000004180d00000)]
  0x000001e882df0800 JavaThread "Finalizer" daemon [_thread_blocked, id=13620, stack(0x0000004180d00000,0x0000004180e00000)]
  0x000001e882e15800 JavaThread "Signal Dispatcher" daemon [_thread_blocked, id=12512, stack(0x0000004180e00000,0x0000004180f00000)]
  0x000001e882e19000 JavaThread "Attach Listener" daemon [_thread_blocked, id=11188, stack(0x0000004180f00000,0x0000004181000000)]
  0x000001e882e1c000 JavaThread "Service Thread" daemon [_thread_blocked, id=6996, stack(0x0000004181000000,0x0000004181100000)]
  0x000001e882e37800 JavaThread "C2 CompilerThread0" daemon [_thread_blocked, id=13564, stack(0x0000004181100000,0x0000004181200000)]
  0x000001e882e3e800 JavaThread "C1 CompilerThread0" daemon [_thread_blocked, id=8140, stack(0x0000004181200000,0x0000004181300000)]
  0x000001e882e41800 JavaThread "Sweeper thread" daemon [_thread_blocked, id=13032, stack(0x0000004181300000,0x0000004181400000)]
  0x000001e882fe0800 JavaThread "Notification Thread" daemon [_thread_blocked, id=13284, stack(0x0000004181400000,0x0000004181500000)]
  0x000001e882fe3000 JavaThread "Common-Cleaner" daemon [_thread_blocked, id=1284, stack(0x0000004181600000,0x0000004181700000)]

Other Threads:
  0x000001e882dda000 VMThread "VM Thread" [stack: 0x0000004180b00000,0x0000004180c00000] [id=7480]
  0x000001e882ffc000 WatcherThread [stack: 0x0000004181500000,0x0000004181600000] [id=4000]
  0x000001e822d8a800 GCTaskThread "GC Thread#0" [stack: 0x0000004180600000,0x0000004180700000] [id=12816]
  0x000001e822ddc800 ConcurrentGCThread "G1 Main Marker" [stack: 0x0000004180700000,0x0000004180800000] [id=13100]
  0x000001e822ddd800 ConcurrentGCThread "G1 Conc#0" [stack: 0x0000004180800000,0x0000004180900000] [id=356]
  0x000001e841cd2800 ConcurrentGCThread "G1 Refine#0" [stack: 0x0000004180900000,0x0000004180a00000] [id=12344]
  0x000001e841cd4000 ConcurrentGCThread "G1 Young RemSet Sampling" [stack: 0x0000004180a00000,0x0000004180b00000] [id=628]

Threads with active compile tasks:

VM state:not at safepoint (normal execution)

VM Mutex/Monitor currently owned by a thread: None

Heap address: 0x0000000080800000, size: 2040 MB, Compressed Oops mode: 32-bit
Narrow klass base: 0x0000000000000000, Narrow klass shift: 3
Compressed class space size: 1073741824 Address: 0x0000000100000000

Heap:
 garbage-first heap   total 131072K, used 1024K [0x0000000080800000, 0x0000000100000000)
  region size 1024K, 2 young (2048K), 0 survivors (0K)
 Metaspace       used 3796K, capacity 3934K, committed 4096K, reserved 1060864K
  class space    used 326K, capacity 390K, committed 512K, reserved 1048576K
Heap Regions: E=young(eden), S=young(survivor), O=old, HS=humongous(starts), HC=humongous(continues), CS=collection set, F=free, OA=open archive, CA=closed archive, TAMS=top-at-mark-start (previous, next)
|   0|0x0000000080800000, 0x0000000080800000, 0x0000000080900000|  0%| F|  |TAMS 0x0000000080800000, 0x0000000080800000| Untracked 
|   1|0x0000000080900000, 0x0000000080900000, 0x0000000080a00000|  0%| F|  |TAMS 0x0000000080900000, 0x0000000080900000| Untracked 
|   2|0x0000000080a00000, 0x0000000080a00000, 0x0000000080b00000|  0%| F|  |TAMS 0x0000000080a00000, 0x0000000080a00000| Untracked 
|   3|0x0000000080b00000, 0x0000000080b00000, 0x0000000080c00000|  0%| F|  |TAMS 0x0000000080b00000, 0x0000000080b00000| Untracked 
|   4|0x0000000080c00000, 0x0000000080c00000, 0x0000000080d00000|  0%| F|  |TAMS 0x0000000080c00000, 0x0000000080c00000| Untracked 
|   5|0x0000000080d00000, 0x0000000080d00000, 0x0000000080e00000|  0%| F|  |TAMS 0x0000000080d00000, 0x0000000080d00000| Untracked 
|   6|0x0000000080e00000, 0x0000000080e00000, 0x0000000080f00000|  0%| F|  |TAMS 0x0000000080e00000, 0x0000000080e00000| Untracked 
|   7|0x0000000080f00000, 0x0000000080f00000, 0x0000000081000000|  0%| F|  |TAMS 0x0000000080f00000, 0x0000000080f00000| Untracked 
|   8|0x0000000081000000, 0x0000000081000000, 0x0000000081100000|  0%| F|  |TAMS 0x0000000081000000, 0x0000000081000000| Untracked 
|   9|0x0000000081100000, 0x0000000081100000, 0x0000000081200000|  0%| F|  |TAMS 0x0000000081100000, 0x0000000081100000| Untracked 
|  10|0x0000000081200000, 0x0000000081200000, 0x0000000081300000|  0%| F|  |TAMS 0x0000000081200000, 0x0000000081200000| Untracked 
|  11|0x0000000081300000, 0x0000000081300000, 0x0000000081400000|  0%| F|  |TAMS 0x0000000081300000, 0x0000000081300000| Untracked 
|  12|0x0000000081400000, 0x0000000081400000, 0x0000000081500000|  0%| F|  |TAMS 0x0000000081400000, 0x0000000081400000| Untracked 
|  13|0x0000000081500000, 0x0000000081500000, 0x0000000081600000|  0%| F|  |TAMS 0x0000000081500000, 0x0000000081500000| Untracked 
|  14|0x0000000081600000, 0x0000000081600000, 0x0000000081700000|  0%| F|  |TAMS 0x0000000081600000, 0x0000000081600000| Untracked 
|  15|0x0000000081700000, 0x0000000081700000, 0x0000000081800000|  0%| F|  |TAMS 0x0000000081700000, 0x0000000081700000| Untracked 
|  16|0x0000000081800000, 0x0000000081800000, 0x0000000081900000|  0%| F|  |TAMS 0x0000000081800000, 0x0000000081800000| Untracked 
|  17|0x0000000081900000, 0x0000000081900000, 0x0000000081a00000|  0%| F|  |TAMS 0x0000000081900000, 0x0000000081900000| Untracked 
|  18|0x0000000081a00000, 0x0000000081a00000, 0x0000000081b00000|  0%| F|  |TAMS 0x0000000081a00000, 0x0000000081a00000| Untracked 
|  19|0x0000000081b00000, 0x0000000081b00000, 0x0000000081c00000|  0%| F|  |TAMS 0x0000000081b00000, 0x0000000081b00000| Untracked 
|  20|0x0000000081c00000, 0x0000000081c00000, 0x0000000081d00000|  0%| F|  |TAMS 0x0000000081c00000, 0x0000000081c00000| Untracked 
|  21|0x0000000081d00000, 0x0000000081d00000, 0x0000000081e00000|  0%| F|  |TAMS 0x0000000081d00000, 0x0000000081d00000| Untracked 
|  22|0x0000000081e00000, 0x0000000081e00000, 0x0000000081f00000|  0%| F|  |TAMS 0x0000000081e00000, 0x0000000081e00000| Untracked 
|  23|0x0000000081f00000, 0x0000000081f00000, 0x0000000082000000|  0%| F|  |TAMS 0x0000000081f00000, 0x0000000081f00000| Untracked 
|  24|0x0000000082000000, 0x0000000082000000, 0x0000000082100000|  0%| F|  |TAMS 0x0000000082000000, 0x0000000082000000| Untracked 
|  25|0x0000000082100000, 0x0000000082100000, 0x0000000082200000|  0%| F|  |TAMS 0x0000000082100000, 0x0000000082100000| Untracked 
|  26|0x0000000082200000, 0x0000000082200000, 0x0000000082300000|  0%| F|  |TAMS 0x0000000082200000, 0x0000000082200000| Untracked 
|  27|0x0000000082300000, 0x0000000082300000, 0x0000000082400000|  0%| F|  |TAMS 0x0000000082300000, 0x0000000082300000| Untracked 
|  28|0x0000000082400000, 0x0000000082400000, 0x0000000082500000|  0%| F|  |TAMS 0x0000000082400000, 0x0000000082400000| Untracked 
|  29|0x0000000082500000, 0x0000000082500000, 0x0000000082600000|  0%| F|  |TAMS 0x0000000082500000, 0x0000000082500000| Untracked 
|  30|0x0000000082600000, 0x0000000082600000, 0x0000000082700000|  0%| F|  |TAMS 0x0000000082600000, 0x0000000082600000| Untracked 
|  31|0x0000000082700000, 0x0000000082700000, 0x0000000082800000|  0%| F|  |TAMS 0x0000000082700000, 0x0000000082700000| Untracked 
|  32|0x0000000082800000, 0x0000000082800000, 0x0000000082900000|  0%| F|  |TAMS 0x0000000082800000, 0x0000000082800000| Untracked 
|  33|0x0000000082900000, 0x0000000082900000, 0x0000000082a00000|  0%| F|  |TAMS 0x0000000082900000, 0x0000000082900000| Untracked 
|  34|0x0000000082a00000, 0x0000000082a00000, 0x0000000082b00000|  0%| F|  |TAMS 0x0000000082a00000, 0x0000000082a00000| Untracked 
|  35|0x0000000082b00000, 0x0000000082b00000, 0x0000000082c00000|  0%| F|  |TAMS 0x0000000082b00000, 0x0000000082b00000| Untracked 
|  36|0x0000000082c00000, 0x0000000082c00000, 0x0000000082d00000|  0%| F|  |TAMS 0x0000000082c00000, 0x0000000082c00000| Untracked 
|  37|0x0000000082d00000, 0x0000000082d00000, 0x0000000082e00000|  0%| F|  |TAMS 0x0000000082d00000, 0x0000000082d00000| Untracked 
|  38|0x0000000082e00000, 0x0000000082e00000, 0x0000000082f00000|  0%| F|  |TAMS 0x0000000082e00000, 0x0000000082e00000| Untracked 
|  39|0x0000000082f00000, 0x0000000082f00000, 0x0000000083000000|  0%| F|  |TAMS 0x0000000082f00000, 0x0000000082f00000| Untracked 
|  40|0x0000000083000000, 0x0000000083000000, 0x0000000083100000|  0%| F|  |TAMS 0x0000000083000000, 0x0000000083000000| Untracked 
|  41|0x0000000083100000, 0x0000000083100000, 0x0000000083200000|  0%| F|  |TAMS 0x0000000083100000, 0x0000000083100000| Untracked 
|  42|0x0000000083200000, 0x0000000083200000, 0x0000000083300000|  0%| F|  |TAMS 0x0000000083200000, 0x0000000083200000| Untracked 
|  43|0x0000000083300000, 0x0000000083300000, 0x0000000083400000|  0%| F|  |TAMS 0x0000000083300000, 0x0000000083300000| Untracked 
|  44|0x0000000083400000, 0x0000000083400000, 0x0000000083500000|  0%| F|  |TAMS 0x0000000083400000, 0x0000000083400000| Untracked 
|  45|0x0000000083500000, 0x0000000083500000, 0x0000000083600000|  0%| F|  |TAMS 0x0000000083500000, 0x0000000083500000| Untracked 
|  46|0x0000000083600000, 0x0000000083600000, 0x0000000083700000|  0%| F|  |TAMS 0x0000000083600000, 0x0000000083600000| Untracked 
|  47|0x0000000083700000, 0x0000000083700000, 0x0000000083800000|  0%| F|  |TAMS 0x0000000083700000, 0x0000000083700000| Untracked 
|  48|0x0000000083800000, 0x0000000083800000, 0x0000000083900000|  0%| F|  |TAMS 0x0000000083800000, 0x0000000083800000| Untracked 
|  49|0x0000000083900000, 0x0000000083900000, 0x0000000083a00000|  0%| F|  |TAMS 0x0000000083900000, 0x0000000083900000| Untracked 
|  50|0x0000000083a00000, 0x0000000083a00000, 0x0000000083b00000|  0%| F|  |TAMS 0x0000000083a00000, 0x0000000083a00000| Untracked 
|  51|0x0000000083b00000, 0x0000000083b00000, 0x0000000083c00000|  0%| F|  |TAMS 0x0000000083b00000, 0x0000000083b00000| Untracked 
|  52|0x0000000083c00000, 0x0000000083c00000, 0x0000000083d00000|  0%| F|  |TAMS 0x0000000083c00000, 0x0000000083c00000| Untracked 
|  53|0x0000000083d00000, 0x0000000083d00000, 0x0000000083e00000|  0%| F|  |TAMS 0x0000000083d00000, 0x0000000083d00000| Untracked 
|  54|0x0000000083e00000, 0x0000000083e00000, 0x0000000083f00000|  0%| F|  |TAMS 0x0000000083e00000, 0x0000000083e00000| Untracked 
|  55|0x0000000083f00000, 0x0000000083f00000, 0x0000000084000000|  0%| F|  |TAMS 0x0000000083f00000, 0x0000000083f00000| Untracked 
|  56|0x0000000084000000, 0x0000000084000000, 0x0000000084100000|  0%| F|  |TAMS 0x0000000084000000, 0x0000000084000000| Untracked 
|  57|0x0000000084100000, 0x0000000084100000, 0x0000000084200000|  0%| F|  |TAMS 0x0000000084100000, 0x0000000084100000| Untracked 
|  58|0x0000000084200000, 0x0000000084200000, 0x0000000084300000|  0%| F|  |TAMS 0x0000000084200000, 0x0000000084200000| Untracked 
|  59|0x0000000084300000, 0x0000000084300000, 0x0000000084400000|  0%| F|  |TAMS 0x0000000084300000, 0x0000000084300000| Untracked 
|  60|0x0000000084400000, 0x0000000084400000, 0x0000000084500000|  0%| F|  |TAMS 0x0000000084400000, 0x0000000084400000| Untracked 
|  61|0x0000000084500000, 0x0000000084500000, 0x0000000084600000|  0%| F|  |TAMS 0x0000000084500000, 0x0000000084500000| Untracked 
|  62|0x0000000084600000, 0x0000000084600000, 0x0000000084700000|  0%| F|  |TAMS 0x0000000084600000, 0x0000000084600000| Untracked 
|  63|0x0000000084700000, 0x0000000084700000, 0x0000000084800000|  0%| F|  |TAMS 0x0000000084700000, 0x0000000084700000| Untracked 
|  64|0x0000000084800000, 0x0000000084800000, 0x0000000084900000|  0%| F|  |TAMS 0x0000000084800000, 0x0000000084800000| Untracked 
|  65|0x0000000084900000, 0x0000000084900000, 0x0000000084a00000|  0%| F|  |TAMS 0x0000000084900000, 0x0000000084900000| Untracked 
|  66|0x0000000084a00000, 0x0000000084a00000, 0x0000000084b00000|  0%| F|  |TAMS 0x0000000084a00000, 0x0000000084a00000| Untracked 
|  67|0x0000000084b00000, 0x0000000084b00000, 0x0000000084c00000|  0%| F|  |TAMS 0x0000000084b00000, 0x0000000084b00000| Untracked 
|  68|0x0000000084c00000, 0x0000000084c00000, 0x0000000084d00000|  0%| F|  |TAMS 0x0000000084c00000, 0x0000000084c00000| Untracked 
|  69|0x0000000084d00000, 0x0000000084d00000, 0x0000000084e00000|  0%| F|  |TAMS 0x0000000084d00000, 0x0000000084d00000| Untracked 
|  70|0x0000000084e00000, 0x0000000084e00000, 0x0000000084f00000|  0%| F|  |TAMS 0x0000000084e00000, 0x0000000084e00000| Untracked 
|  71|0x0000000084f00000, 0x0000000084f00000, 0x0000000085000000|  0%| F|  |TAMS 0x0000000084f00000, 0x0000000084f00000| Untracked 
|  72|0x0000000085000000, 0x0000000085000000, 0x0000000085100000|  0%| F|  |TAMS 0x0000000085000000, 0x0000000085000000| Untracked 
|  73|0x0000000085100000, 0x0000000085100000, 0x0000000085200000|  0%| F|  |TAMS 0x0000000085100000, 0x0000000085100000| Untracked 
|  74|0x0000000085200000, 0x0000000085200000, 0x0000000085300000|  0%| F|  |TAMS 0x0000000085200000, 0x0000000085200000| Untracked 
|  75|0x0000000085300000, 0x0000000085300000, 0x0000000085400000|  0%| F|  |TAMS 0x0000000085300000, 0x0000000085300000| Untracked 
|  76|0x0000000085400000, 0x0000000085400000, 0x0000000085500000|  0%| F|  |TAMS 0x0000000085400000, 0x0000000085400000| Untracked 
|  77|0x0000000085500000, 0x0000000085500000, 0x0000000085600000|  0%| F|  |TAMS 0x0000000085500000, 0x0000000085500000| Untracked 
|  78|0x0000000085600000, 0x0000000085600000, 0x0000000085700000|  0%| F|  |TAMS 0x0000000085600000, 0x0000000085600000| Untracked 
|  79|0x0000000085700000, 0x0000000085700000, 0x0000000085800000|  0%| F|  |TAMS 0x0000000085700000, 0x0000000085700000| Untracked 
|  80|0x0000000085800000, 0x0000000085800000, 0x0000000085900000|  0%| F|  |TAMS 0x0000000085800000, 0x0000000085800000| Untracked 
|  81|0x0000000085900000, 0x0000000085900000, 0x0000000085a00000|  0%| F|  |TAMS 0x0000000085900000, 0x0000000085900000| Untracked 
|  82|0x0000000085a00000, 0x0000000085a00000, 0x0000000085b00000|  0%| F|  |TAMS 0x0000000085a00000, 0x0000000085a00000| Untracked 
|  83|0x0000000085b00000, 0x0000000085b00000, 0x0000000085c00000|  0%| F|  |TAMS 0x0000000085b00000, 0x0000000085b00000| Untracked 
|  84|0x0000000085c00000, 0x0000000085c00000, 0x0000000085d00000|  0%| F|  |TAMS 0x0000000085c00000, 0x0000000085c00000| Untracked 
|  85|0x0000000085d00000, 0x0000000085d00000, 0x0000000085e00000|  0%| F|  |TAMS 0x0000000085d00000, 0x0000000085d00000| Untracked 
|  86|0x0000000085e00000, 0x0000000085e00000, 0x0000000085f00000|  0%| F|  |TAMS 0x0000000085e00000, 0x0000000085e00000| Untracked 
|  87|0x0000000085f00000, 0x0000000085f00000, 0x0000000086000000|  0%| F|  |TAMS 0x0000000085f00000, 0x0000000085f00000| Untracked 
|  88|0x0000000086000000, 0x0000000086000000, 0x0000000086100000|  0%| F|  |TAMS 0x0000000086000000, 0x0000000086000000| Untracked 
|  89|0x0000000086100000, 0x0000000086100000, 0x0000000086200000|  0%| F|  |TAMS 0x0000000086100000, 0x0000000086100000| Untracked 
|  90|0x0000000086200000, 0x0000000086200000, 0x0000000086300000|  0%| F|  |TAMS 0x0000000086200000, 0x0000000086200000| Untracked 
|  91|0x0000000086300000, 0x0000000086300000, 0x0000000086400000|  0%| F|  |TAMS 0x0000000086300000, 0x0000000086300000| Untracked 
|  92|0x0000000086400000, 0x0000000086400000, 0x0000000086500000|  0%| F|  |TAMS 0x0000000086400000, 0x0000000086400000| Untracked 
|  93|0x0000000086500000, 0x0000000086500000, 0x0000000086600000|  0%| F|  |TAMS 0x0000000086500000, 0x0000000086500000| Untracked 
|  94|0x0000000086600000, 0x0000000086600000, 0x0000000086700000|  0%| F|  |TAMS 0x0000000086600000, 0x0000000086600000| Untracked 
|  95|0x0000000086700000, 0x0000000086700000, 0x0000000086800000|  0%| F|  |TAMS 0x0000000086700000, 0x0000000086700000| Untracked 
|  96|0x0000000086800000, 0x0000000086800000, 0x0000000086900000|  0%| F|  |TAMS 0x0000000086800000, 0x0000000086800000| Untracked 
|  97|0x0000000086900000, 0x0000000086900000, 0x0000000086a00000|  0%| F|  |TAMS 0x0000000086900000, 0x0000000086900000| Untracked 
|  98|0x0000000086a00000, 0x0000000086a00000, 0x0000000086b00000|  0%| F|  |TAMS 0x0000000086a00000, 0x0000000086a00000| Untracked 
|  99|0x0000000086b00000, 0x0000000086b00000, 0x0000000086c00000|  0%| F|  |TAMS 0x0000000086b00000, 0x0000000086b00000| Untracked 
| 100|0x0000000086c00000, 0x0000000086c00000, 0x0000000086d00000|  0%| F|  |TAMS 0x0000000086c00000, 0x0000000086c00000| Untracked 
| 101|0x0000000086d00000, 0x0000000086d00000, 0x0000000086e00000|  0%| F|  |TAMS 0x0000000086d00000, 0x0000000086d00000| Untracked 
| 102|0x0000000086e00000, 0x0000000086e00000, 0x0000000086f00000|  0%| F|  |TAMS 0x0000000086e00000, 0x0000000086e00000| Untracked 
| 103|0x0000000086f00000, 0x0000000086f00000, 0x0000000087000000|  0%| F|  |TAMS 0x0000000086f00000, 0x0000000086f00000| Untracked 
| 104|0x0000000087000000, 0x0000000087000000, 0x0000000087100000|  0%| F|  |TAMS 0x0000000087000000, 0x0000000087000000| Untracked 
| 105|0x0000000087100000, 0x0000000087100000, 0x0000000087200000|  0%| F|  |TAMS 0x0000000087100000, 0x0000000087100000| Untracked 
| 106|0x0000000087200000, 0x0000000087200000, 0x0000000087300000|  0%| F|  |TAMS 0x0000000087200000, 0x0000000087200000| Untracked 
| 107|0x0000000087300000, 0x0000000087300000, 0x0000000087400000|  0%| F|  |TAMS 0x0000000087300000, 0x0000000087300000| Untracked 
| 108|0x0000000087400000, 0x0000000087400000, 0x0000000087500000|  0%| F|  |TAMS 0x0000000087400000, 0x0000000087400000| Untracked 
| 109|0x0000000087500000, 0x0000000087500000, 0x0000000087600000|  0%| F|  |TAMS 0x0000000087500000, 0x0000000087500000| Untracked 
| 110|0x0000000087600000, 0x0000000087600000, 0x0000000087700000|  0%| F|  |TAMS 0x0000000087600000, 0x0000000087600000| Untracked 
| 111|0x0000000087700000, 0x0000000087700000, 0x0000000087800000|  0%| F|  |TAMS 0x0000000087700000, 0x0000000087700000| Untracked 
| 112|0x0000000087800000, 0x0000000087800000, 0x0000000087900000|  0%| F|  |TAMS 0x0000000087800000, 0x0000000087800000| Untracked 
| 113|0x0000000087900000, 0x0000000087900000, 0x0000000087a00000|  0%| F|  |TAMS 0x0000000087900000, 0x0000000087900000| Untracked 
| 114|0x0000000087a00000, 0x0000000087a00000, 0x0000000087b00000|  0%| F|  |TAMS 0x0000000087a00000, 0x0000000087a00000| Untracked 
| 115|0x0000000087b00000, 0x0000000087b00000, 0x0000000087c00000|  0%| F|  |TAMS 0x0000000087b00000, 0x0000000087b00000| Untracked 
| 116|0x0000000087c00000, 0x0000000087c00000, 0x0000000087d00000|  0%| F|  |TAMS 0x0000000087c00000, 0x0000000087c00000| Untracked 
| 117|0x0000000087d00000, 0x0000000087d00000, 0x0000000087e00000|  0%| F|  |TAMS 0x0000000087d00000, 0x0000000087d00000| Untracked 
| 118|0x0000000087e00000, 0x0000000087e00000, 0x0000000087f00000|  0%| F|  |TAMS 0x0000000087e00000, 0x0000000087e00000| Untracked 
| 119|0x0000000087f00000, 0x0000000087f00000, 0x0000000088000000|  0%| F|  |TAMS 0x0000000087f00000, 0x0000000087f00000| Untracked 
| 120|0x0000000088000000, 0x0000000088000000, 0x0000000088100000|  0%| F|  |TAMS 0x0000000088000000, 0x0000000088000000| Untracked 
| 121|0x0000000088100000, 0x0000000088100000, 0x0000000088200000|  0%| F|  |TAMS 0x0000000088100000, 0x0000000088100000| Untracked 
| 122|0x0000000088200000, 0x0000000088200000, 0x0000000088300000|  0%| F|  |TAMS 0x0000000088200000, 0x0000000088200000| Untracked 
| 123|0x0000000088300000, 0x0000000088300000, 0x0000000088400000|  0%| F|  |TAMS 0x0000000088300000, 0x0000000088300000| Untracked 
| 124|0x0000000088400000, 0x0000000088400000, 0x0000000088500000|  0%| F|  |TAMS 0x0000000088400000, 0x0000000088400000| Untracked 
| 125|0x0000000088500000, 0x0000000088500000, 0x0000000088600000|  0%| F|  |TAMS 0x0000000088500000, 0x0000000088500000| Untracked 
| 126|0x0000000088600000, 0x0000000088676440, 0x0000000088700000| 46%| E|  |TAMS 0x0000000088600000, 0x0000000088600000| Complete 
| 127|0x0000000088700000, 0x0000000088800000, 0x0000000088800000|100%| E|CS|TAMS 0x0000000088700000, 0x0000000088700000| Complete 

Card table byte_map: [0x000001e83ac30000,0x000001e83b030000] _byte_map_base: 0x000001e83a82c000

Marking Bits (Prev, Next): (CMBitMap*) 0x000001e822d8af98, (CMBitMap*) 0x000001e822d8afd8
 Prev Bits: [0x000001e83b430000, 0x000001e83d410000)
 Next Bits: [0x000001e83d410000, 0x000001e83f3f0000)

Polling page: 0x000001e820cc0000

Metaspace:

Usage:
  Non-class:      3.46 MB capacity,     3.39 MB ( 98%) used,    70.23 KB (  2%) free+waste,     3.81 KB ( <1%) overhead. 
      Class:    390.00 KB capacity,   326.48 KB ( 84%) used,    63.27 KB ( 16%) free+waste,   256 bytes ( <1%) overhead. 
       Both:      3.84 MB capacity,     3.71 MB ( 97%) used,   133.50 KB (  3%) free+waste,     4.06 KB ( <1%) overhead. 

Virtual space:
  Non-class space:       12.00 MB reserved,       3.50 MB ( 29%) committed 
      Class space:        1.00 GB reserved,     512.00 KB ( <1%) committed 
             Both:        1.01 GB reserved,       4.00 MB ( <1%) committed 

Chunk freelists:
   Non-Class:  40.00 KB
       Class:  0 bytes
        Both:  40.00 KB

MaxMetaspaceSize: 17179869184.00 GB
CompressedClassSpaceSize: 1.00 GB

CodeHeap 'non-profiled nmethods': size=120000Kb used=18Kb max_used=18Kb free=119981Kb
 bounds [0x000001e832fd0000, 0x000001e833240000, 0x000001e83a500000]
CodeHeap 'profiled nmethods': size=120000Kb used=122Kb max_used=122Kb free=119877Kb
 bounds [0x000001e82baa0000, 0x000001e82bd10000, 0x000001e832fd0000]
CodeHeap 'non-nmethods': size=5760Kb used=1035Kb max_used=1045Kb free=4724Kb
 bounds [0x000001e82b500000, 0x000001e82b770000, 0x000001e82baa0000]
 total_blobs=652 nmethods=93 adapters=164
 compilation: enabled
              stopped_count=0, restarted_count=0
 full_count=0

Compilation events (20 events):
Event: 0.118 Thread 0x000001e882e3e800 nmethod 82 0x000001e832fd3f90 code [0x000001e832fd4120, 0x000001e832fd41d8]
Event: 0.119 Thread 0x000001e882e37800 nmethod 76 0x000001e832fd4290 code [0x000001e832fd4460, 0x000001e832fd46b8]
Event: 0.119 Thread 0x000001e882e37800   81       4       java.util.ImmutableCollections$SetN$SetNIterator::nextIndex (56 bytes)
Event: 0.120 Thread 0x000001e882e37800 nmethod 81 0x000001e832fd4810 code [0x000001e832fd49a0, 0x000001e832fd4a78]
Event: 0.124 Thread 0x000001e882e3e800   86       3       java.lang.String::hashCode (60 bytes)
Event: 0.125 Thread 0x000001e882e3e800 nmethod 86 0x000001e82babbd90 code [0x000001e82babbf60, 0x000001e82babc3c8]
Event: 0.125 Thread 0x000001e882e3e800   87       3       java.lang.AbstractStringBuilder::ensureCapacityInternal (39 bytes)
Event: 0.126 Thread 0x000001e882e3e800 nmethod 87 0x000001e82babc510 code [0x000001e82babc6e0, 0x000001e82babcb58]
Event: 0.126 Thread 0x000001e882e3e800   88       3       java.lang.StringLatin1::canEncode (13 bytes)
Event: 0.126 Thread 0x000001e882e3e800 nmethod 88 0x000001e82babcd10 code [0x000001e82babcea0, 0x000001e82babcfd8]
Event: 0.134 Thread 0x000001e882e3e800   89       3       java.lang.Math::min (11 bytes)
Event: 0.135 Thread 0x000001e882e3e800 nmethod 89 0x000001e82babd090 code [0x000001e82babd220, 0x000001e82babd358]
Event: 0.135 Thread 0x000001e882e3e800   90       3       java.lang.String::<init> (15 bytes)
Event: 0.135 Thread 0x000001e882e3e800 nmethod 90 0x000001e82babd410 code [0x000001e82babd5a0, 0x000001e82babd758]
Event: 0.136 Thread 0x000001e882e3e800   91       3       java.lang.StringBuilder::append (8 bytes)
Event: 0.136 Thread 0x000001e882e3e800 nmethod 91 0x000001e82babd810 code [0x000001e82babd9c0, 0x000001e82babdb08]
Event: 0.136 Thread 0x000001e882e3e800   92       3       java.lang.AbstractStringBuilder::append (45 bytes)
Event: 0.136 Thread 0x000001e882e3e800 nmethod 92 0x000001e82babdb90 code [0x000001e82babdda0, 0x000001e82babe2b8]
Event: 0.136 Thread 0x000001e882e3e800   93       3       java.lang.AbstractStringBuilder::putStringAt (29 bytes)
Event: 0.137 Thread 0x000001e882e3e800 nmethod 93 0x000001e82babe510 code [0x000001e82babe6e0, 0x000001e82babe9d8]

GC Heap History (0 events):
No events

Deoptimization events (4 events):
Event: 0.120 Thread 0x000001e822d43800 Uncommon trap: trap_request=0xffffff45 fr.pc=0x000001e832fd4604 relative=0x00000000000001a4
Event: 0.120 Thread 0x000001e822d43800 Uncommon trap: reason=unstable_if action=reinterpret pc=0x000001e832fd4604 method=java.lang.String.hashCode()I @ 42 c2
Event: 0.121 Thread 0x000001e822d43800 DEOPT PACKING pc=0x000001e832fd4604 sp=0x00000041805fddd0
Event: 0.121 Thread 0x000001e822d43800 DEOPT UNPACKING pc=0x000001e82b54942f sp=0x00000041805fdd68 mode 2

Classes unloaded (0 events):
No events

Classes redefined (0 events):
No events

Internal exceptions (0 events):
No events

Events (20 events):
Event: 0.136 loading class java/util/EventListener
Event: 0.136 loading class java/util/EventListener done
Event: 0.136 loading class java/awt/event/KeyListener done
Event: 0.136 loading class java/util/concurrent/ConcurrentHashMap$ForwardingNode
Event: 0.136 loading class java/util/concurrent/ConcurrentHashMap$ForwardingNode done
Event: 0.137 loading class javax/swing/JFrame
Event: 0.137 loading class javax/swing/WindowConstants
Event: 0.137 loading class javax/swing/WindowConstants done
Event: 0.137 loading class javax/accessibility/Accessible
Event: 0.137 loading class javax/accessibility/Accessible done
Event: 0.137 loading class javax/swing/RootPaneContainer
Event: 0.137 loading class javax/swing/RootPaneContainer done
Event: 0.137 loading class javax/swing/TransferHandler$HasGetTransferHandler
Event: 0.137 loading class javax/swing/TransferHandler$HasGetTransferHandler done
Event: 0.137 loading class java/awt/Frame
Event: 0.137 loading class java/awt/MenuContainer
Event: 0.137 loading class java/awt/MenuContainer done
Event: 0.137 loading class java/awt/Window
Event: 0.138 loading class java/awt/Container
Event: 0.139 loading class java/awt/Component


Dynamic libraries:
0x00007ff619700000 - 0x00007ff61970f000 	C:\Program Files\Java\jdk-14.0.1\bin\javaw.exe
0x00007ffbe3d30000 - 0x00007ffbe3f26000 	C:\Windows\SYSTEM32\ntdll.dll
0x00007ffbe2e30000 - 0x00007ffbe2eed000 	C:\Windows\System32\KERNEL32.DLL
0x00007ffbe1750000 - 0x00007ffbe1a18000 	C:\Windows\System32\KERNELBASE.dll
0x00007ffbe1c60000 - 0x00007ffbe1d60000 	C:\Windows\System32\ucrtbase.dll
0x00007ffbc5440000 - 0x00007ffbc5455000 	C:\Program Files\Java\jdk-14.0.1\bin\VCRUNTIME140.dll
0x00007ffbc5220000 - 0x00007ffbc5238000 	C:\Program Files\Java\jdk-14.0.1\bin\jli.dll
0x00007ffbe3130000 - 0x00007ffbe31dc000 	C:\Windows\System32\ADVAPI32.dll
0x00007ffbe2ef0000 - 0x00007ffbe2f8e000 	C:\Windows\System32\msvcrt.dll
0x00007ffbe2250000 - 0x00007ffbe22eb000 	C:\Windows\System32\sechost.dll
0x00007ffbe3bc0000 - 0x00007ffbe3ce4000 	C:\Windows\System32\RPCRT4.dll
0x00007ffbe2f90000 - 0x00007ffbe3130000 	C:\Windows\System32\USER32.dll
0x00007ffbe16d0000 - 0x00007ffbe16f2000 	C:\Windows\System32\win32u.dll
0x00007ffbd9f40000 - 0x00007ffbda1db000 	C:\Windows\WinSxS\amd64_microsoft.windows.common-controls_6595b64144ccf1df_6.0.19041.488_none_ca04af081b815d21\COMCTL32.dll
0x00007ffbe2df0000 - 0x00007ffbe2e1a000 	C:\Windows\System32\GDI32.dll
0x00007ffbe15c0000 - 0x00007ffbe16c9000 	C:\Windows\System32\gdi32full.dll
0x00007ffbe1470000 - 0x00007ffbe150d000 	C:\Windows\System32\msvcp_win.dll
0x00007ffbda2e0000 - 0x00007ffbda2ea000 	C:\Windows\SYSTEM32\VERSION.dll
0x00007ffbe1ec0000 - 0x00007ffbe1ef0000 	C:\Windows\System32\IMM32.DLL
0x00007ffbc3550000 - 0x00007ffbc35eb000 	C:\Program Files\Java\jdk-14.0.1\bin\msvcp140.dll
0x00007ffbbe9b0000 - 0x00007ffbbf4ce000 	C:\Program Files\Java\jdk-14.0.1\bin\server\jvm.dll
0x00007ffbe22f0000 - 0x00007ffbe22f8000 	C:\Windows\System32\PSAPI.DLL
0x00007ffbded40000 - 0x00007ffbded49000 	C:\Windows\SYSTEM32\WSOCK32.dll
0x00007ffbd8800000 - 0x00007ffbd8827000 	C:\Windows\SYSTEM32\WINMM.dll
0x00007ffbe3440000 - 0x00007ffbe34ab000 	C:\Windows\System32\WS2_32.dll
0x00007ffbdf3e0000 - 0x00007ffbdf3f2000 	C:\Windows\SYSTEM32\kernel.appcore.dll
0x00007ffbded30000 - 0x00007ffbded3a000 	C:\Program Files\Java\jdk-14.0.1\bin\jimage.dll
0x00007ffbdb180000 - 0x00007ffbdb364000 	C:\Windows\SYSTEM32\DBGHELP.DLL
0x00007ffbcf950000 - 0x00007ffbcf97c000 	C:\Windows\SYSTEM32\dbgcore.DLL
0x00007ffbe1a20000 - 0x00007ffbe1a9f000 	C:\Windows\System32\bcryptPrimitives.dll
0x00007ffbcb510000 - 0x00007ffbcb535000 	C:\Program Files\Java\jdk-14.0.1\bin\java.dll
0x00007ffbd8770000 - 0x00007ffbd8786000 	C:\Program Files\Java\jdk-14.0.1\bin\zip.dll
0x00007ffbe25f0000 - 0x00007ffbe2d31000 	C:\Windows\System32\SHELL32.dll
0x00007ffbdf5e0000 - 0x00007ffbdfd75000 	C:\Windows\SYSTEM32\windows.storage.dll
0x00007ffbe1ef0000 - 0x00007ffbe2245000 	C:\Windows\System32\combase.dll
0x00007ffbe0e70000 - 0x00007ffbe0e9c000 	C:\Windows\SYSTEM32\Wldp.dll
0x00007ffbe2d40000 - 0x00007ffbe2dee000 	C:\Windows\System32\SHCORE.dll
0x00007ffbe3b60000 - 0x00007ffbe3bb5000 	C:\Windows\System32\shlwapi.dll
0x00007ffbe13a0000 - 0x00007ffbe13c6000 	C:\Windows\SYSTEM32\profapi.dll

dbghelp: loaded successfully - version: 4.0.5 - missing functions: none
symbol engine: initialized successfully - sym options: 0x614 - pdb path: .;C:\Program Files\Java\jdk-14.0.1\bin;C:\Windows\SYSTEM32;C:\Windows\WinSxS\amd64_microsoft.windows.common-controls_6595b64144ccf1df_6.0.19041.488_none_ca04af081b815d21;C:\Program Files\Java\jdk-14.0.1\bin\server

VM Arguments:
jvm_args: -Dfile.encoding=Cp1252 
java_command: Juego.Main
java_class_path (initial): C:\Users\valentin\Desktop\Workspace\Juego-Infectados\bin
Launcher Type: SUN_STANDARD

[Global flags]
     intx CICompilerCount                          = 4                                         {product} {ergonomic}
     uint ConcGCThreads                            = 2                                         {product} {ergonomic}
     uint G1ConcRefinementThreads                  = 8                                         {product} {ergonomic}
   size_t G1HeapRegionSize                         = 1048576                                   {product} {ergonomic}
    uintx GCDrainStackTargetSize                   = 64                                        {product} {ergonomic}
   size_t InitialHeapSize                          = 134217728                                 {product} {ergonomic}
   size_t MarkStackSize                            = 4194304                                   {product} {ergonomic}
   size_t MaxHeapSize                              = 2139095040                                {product} {ergonomic}
   size_t MaxNewSize                               = 1283457024                                {product} {ergonomic}
   size_t MinHeapDeltaBytes                        = 1048576                                   {product} {ergonomic}
   size_t MinHeapSize                              = 8388608                                   {product} {ergonomic}
    uintx NonNMethodCodeHeapSize                   = 5839372                                {pd product} {ergonomic}
    uintx NonProfiledCodeHeapSize                  = 122909434                              {pd product} {ergonomic}
    uintx ProfiledCodeHeapSize                     = 122909434                              {pd product} {ergonomic}
    uintx ReservedCodeCacheSize                    = 251658240                              {pd product} {ergonomic}
     bool SegmentedCodeCache                       = true                                      {product} {ergonomic}
   size_t SoftMaxHeapSize                          = 2139095040                             {manageable} {ergonomic}
     bool UseCompressedClassPointers               = true                                 {lp64_product} {ergonomic}
     bool UseCompressedOops                        = true                                 {lp64_product} {ergonomic}
     bool UseG1GC                                  = true                                      {product} {ergonomic}
     bool UseLargePagesIndividualAllocation        = false                                  {pd product} {ergonomic}

Logging:
Log output configuration:
 #0: stdout all=warning uptime,level,tags
 #1: stderr all=off uptime,level,tags

Environment Variables:
PATH=C:/Program Files/Java/jdk-14.0.1/bin/server;C:/Program Files/Java/jdk-14.0.1/bin;C:\Program Files (x86)\Razer Chroma SDK\bin;C:\Program Files\Razer Chroma SDK\bin;C:\Program Files (x86)\Razer\ChromaBroadcast\bin;C:\Program Files\Razer\ChromaBroadcast\bin;C:\Windows\system32;C:\Windows;C:\Windows\System32\Wbem;C:\Windows\System32\WindowsPowerShell\v1.0\;C:\Windows\System32\OpenSSH\;C:\Windows\system32\config\systemprofile\AppData\Local\Microsoft\WindowsApps;C:\Program Files\Git\cmd;C:\Users\valentin\AppData\Local\Microsoft\WindowsApps;;C:\Users\valentin\Desktop;
USERNAME=valentin
OS=Windows_NT
PROCESSOR_IDENTIFIER=AMD64 Family 21 Model 2 Stepping 0, AuthenticAMD



---------------  S Y S T E M  ---------------

OS: Windows 10 , 64 bit Build 19041 (10.0.19041.546)
OS uptime: 1 days 1:51 hours

CPU:total 8 (initial active 8) (8 cores per cpu, 1 threads per core) family 21 model 2 stepping 0, cmov, cx8, fxsr, mmx, sse, sse2, sse3, ssse3, sse4.1, sse4.2, popcnt, avx, aes, clmul, mmxext, 3dnowpref, lzcnt, sse4a, tsc, tscinvbit, tscinv, bmi1, fma

Memory: 4k page, system-wide physical 8158M (2493M free)
TotalPageFile size 8158M (AvailPageFile size 3M)
current process WorkingSet (physical memory assigned to process): 27M, peak: 27M
current process commit charge ("private bytes"): 203M, peak: 205M

vm_info: Java HotSpot(TM) 64-Bit Server VM (14.0.1+7) for windows-amd64 JRE (14.0.1+7), built on Mar  5 2020 10:30:14 by "mach5one" with MS VC++ 15.9 (VS2017)

END.
